2013-07-10 21:14:44,145 ERROR [main] - org.scala-ide.sdt.core - org.scala-ide.sdt.core - org.scala-ide.sdt.core - 0 - Error during askOption
scala.reflect.internal.FatalError: Unknown type: <error>, <error> [class scala.reflect.internal.Types$ErrorType$, class scala.reflect.internal.Types$ErrorType$] TypeRef? false
	at scala.reflect.internal.SymbolTable.abort(SymbolTable.scala:49)
	at scala.tools.nsc.Global.abort(Global.scala:253)
	at scala.tools.nsc.backend.icode.TypeKinds$class.toTypeKind(TypeKinds.scala:397)
	at scala.tools.nsc.backend.icode.ICodes.toTypeKind(ICodes.scala:20)
	at scala.tools.nsc.backend.icode.TypeKinds$class.scala$tools$nsc$backend$icode$TypeKinds$$arrayOrClassType(TypeKinds.scala:406)
	at scala.tools.nsc.backend.icode.TypeKinds$$anonfun$primitiveOrClassType$1.apply(TypeKinds.scala:433)
	at scala.tools.nsc.backend.icode.TypeKinds$$anonfun$primitiveOrClassType$1.apply(TypeKinds.scala:433)
	at scala.collection.MapLike$class.getOrElse(MapLike.scala:128)
	at scala.collection.AbstractMap.getOrElse(Map.scala:58)
	at scala.tools.nsc.backend.icode.TypeKinds$class.primitiveOrClassType(TypeKinds.scala:433)
	at scala.tools.nsc.backend.icode.TypeKinds$class.toTypeKind(TypeKinds.scala:383)
	at scala.tools.nsc.backend.icode.ICodes.toTypeKind(ICodes.scala:20)
	at scala.tools.nsc.backend.jvm.GenJVMUtil$BytecodeUtil$class.javaType(GenJVMUtil.scala:100)
	at scala.tools.eclipse.JVMUtils$$anon$1.javaType(JVMUtils.scala:15)
	at scala.tools.eclipse.JVMUtils$class.javaType(JVMUtils.scala:38)
	at scala.tools.eclipse.ScalaPresentationCompiler.javaType(ScalaPresentationCompiler.scala:36)
	at scala.tools.eclipse.javaelements.ScalaJavaMapper$class.mapParamTypeSignature(ScalaJavaMapper.scala:244)
	at scala.tools.eclipse.ScalaPresentationCompiler.mapParamTypeSignature(ScalaPresentationCompiler.scala:36)
	at scala.tools.eclipse.javaelements.ScalaStructureBuilder$StructureBuilderTraverser$DefOwner$$anonfun$13.apply(ScalaStructureBuilder.scala:673)
	at scala.tools.eclipse.javaelements.ScalaStructureBuilder$StructureBuilderTraverser$DefOwner$$anonfun$13.apply(ScalaStructureBuilder.scala:673)
	at scala.collection.TraversableLike$$anonfun$map$1.apply(TraversableLike.scala:244)
	at scala.collection.TraversableLike$$anonfun$map$1.apply(TraversableLike.scala:244)
	at scala.collection.immutable.List.foreach(List.scala:318)
	at scala.collection.TraversableLike$class.map(TraversableLike.scala:244)
	at scala.collection.AbstractTraversable.map(Traversable.scala:105)
	at scala.tools.eclipse.javaelements.ScalaStructureBuilder$StructureBuilderTraverser$DefOwner$class.addDef(ScalaStructureBuilder.scala:673)
	at scala.tools.eclipse.javaelements.ScalaStructureBuilder$StructureBuilderTraverser$Builder.addDef(ScalaStructureBuilder.scala:871)
	at scala.tools.eclipse.javaelements.ScalaStructureBuilder$StructureBuilderTraverser$DefOwner$class.addDef(ScalaStructureBuilder.scala:658)
	at scala.tools.eclipse.javaelements.ScalaStructureBuilder$StructureBuilderTraverser$Builder.addDef(ScalaStructureBuilder.scala:871)
	at scala.tools.eclipse.javaelements.ScalaStructureBuilder$StructureBuilderTraverser$TreeTraverser.traverse(ScalaStructureBuilder.scala:943)
	at scala.tools.eclipse.javaelements.ScalaStructureBuilder$StructureBuilderTraverser$TreeTraverser$$anonfun$traverse$1.apply(ScalaStructureBuilder.scala:950)
	at scala.tools.eclipse.javaelements.ScalaStructureBuilder$StructureBuilderTraverser$TreeTraverser$$anonfun$traverse$1.apply(ScalaStructureBuilder.scala:950)
	at scala.collection.immutable.List.foreach(List.scala:318)
	at scala.tools.eclipse.javaelements.ScalaStructureBuilder$StructureBuilderTraverser$TreeTraverser.traverse(ScalaStructureBuilder.scala:950)
	at scala.tools.eclipse.javaelements.ScalaStructureBuilder$StructureBuilderTraverser$TreeTraverser$$anonfun$traverse$1.apply(ScalaStructureBuilder.scala:950)
	at scala.tools.eclipse.javaelements.ScalaStructureBuilder$StructureBuilderTraverser$TreeTraverser$$anonfun$traverse$1.apply(ScalaStructureBuilder.scala:950)
	at scala.collection.immutable.List.foreach(List.scala:318)
	at scala.tools.eclipse.javaelements.ScalaStructureBuilder$StructureBuilderTraverser$TreeTraverser.traverse(ScalaStructureBuilder.scala:950)
	at scala.tools.eclipse.javaelements.ScalaStructureBuilder$StructureBuilderTraverser$TreeTraverser$$anonfun$traverse$1.apply(ScalaStructureBuilder.scala:950)
	at scala.tools.eclipse.javaelements.ScalaStructureBuilder$StructureBuilderTraverser$TreeTraverser$$anonfun$traverse$1.apply(ScalaStructureBuilder.scala:950)
	at scala.collection.immutable.List.foreach(List.scala:318)
	at scala.tools.eclipse.javaelements.ScalaStructureBuilder$StructureBuilderTraverser$TreeTraverser.traverse(ScalaStructureBuilder.scala:950)
	at scala.tools.eclipse.javaelements.ScalaStructureBuilder$StructureBuilderTraverser.traverse(ScalaStructureBuilder.scala:903)
	at scala.tools.eclipse.javaelements.ScalaCompilationUnit$$anonfun$buildStructure$2$$anonfun$apply$5$$anonfun$apply$1.apply$mcV$sp(ScalaCompilationUnit.scala:89)
	at scala.tools.eclipse.javaelements.ScalaCompilationUnit$$anonfun$buildStructure$2$$anonfun$apply$5$$anonfun$apply$1.apply(ScalaCompilationUnit.scala:88)
	at scala.tools.eclipse.javaelements.ScalaCompilationUnit$$anonfun$buildStructure$2$$anonfun$apply$5$$anonfun$apply$1.apply(ScalaCompilationUnit.scala:88)
	at scala.tools.nsc.util.InterruptReq.execute(InterruptReq.scala:26)
	at scala.tools.nsc.interactive.Global.pollForWork(Global.scala:340)
	at scala.tools.nsc.interactive.PresentationCompilerThread.run(PresentationCompilerThread.scala:22)
2013-07-10 21:15:16,044 ERROR [main] - System.err - [ch.epfl.insynth] error can't determine modifiers of missing type org.eclipse.jdt.internal.junit.launcher.TestKind
when processing type mungers ch.epfl.insynth.core.completion.InsynthCompletionProposalComputer
when processing type mungers 
when weaving 
 [Xlint:cantFindType]
2013-07-10 21:15:16,045 ERROR [main] - System.err - [ch.epfl.insynth] error can't determine modifiers of missing type org.eclipse.ui.wizards.datatransfer.IImportStructureProvider
when processing type mungers ch.epfl.insynth.core.completion.InsynthCompletionProposalComputer
when processing type mungers 
when weaving 
 [Xlint:cantFindType]
2013-07-10 21:15:16,045 ERROR [main] - System.err - [ch.epfl.insynth] error can't determine modifiers of missing type org.eclipse.jdt.internal.debug.ui.JDIModelPresentation
when processing type mungers ch.epfl.insynth.core.completion.InsynthCompletionProposalComputer
when processing type mungers 
when weaving 
 [Xlint:cantFindType]
2013-07-10 21:15:16,045 ERROR [main] - System.err - [ch.epfl.insynth] error can't determine modifiers of missing type org.eclipse.jdt.internal.debug.ui.BreakpointMarkerUpdater
when processing type mungers ch.epfl.insynth.core.completion.InsynthCompletionProposalComputer
when processing type mungers 
when weaving 
 [Xlint:cantFindType]
2013-07-10 21:15:16,046 ERROR [main] - System.err - [ch.epfl.insynth] error can't determine modifiers of missing type org.eclipse.jdt.junit.launcher.JUnitLaunchConfigurationTab
when weaving type ch.epfl.insynth.core.completion.InsynthCompletionProposalComputer
when weaving classes 
when weaving 
 [Xlint:cantFindType]
2013-07-10 21:15:16,046 ERROR [main] - System.err - [ch.epfl.insynth] error can't determine modifiers of missing type org.eclipse.debug.core.sourcelookup.AbstractSourceLookupDirector
when weaving type ch.epfl.insynth.core.completion.InsynthCompletionProposalComputer
when weaving classes 
when weaving 
 [Xlint:cantFindType]
2013-07-10 21:15:16,046 ERROR [main] - System.err - [ch.epfl.insynth] error can't determine modifiers of missing type org.eclipse.pde.internal.ui.wizards.imports.PluginImportHelper
when weaving type ch.epfl.insynth.core.completion.InsynthCompletionProposalComputer
when weaving classes 
when weaving 
 [Xlint:cantFindType]
2013-07-10 21:15:16,047 ERROR [main] - System.err - [ch.epfl.insynth] error can't determine modifiers of missing type org.eclipse.jdt.internal.debug.ui.JDIModelPresentation
when weaving type ch.epfl.insynth.core.completion.InsynthCompletionProposalComputer
when weaving classes 
when weaving 
 [Xlint:cantFindType]
2013-07-10 21:15:16,047 ERROR [main] - System.err - [ch.epfl.insynth] error can't determine modifiers of missing type org.eclipse.jdt.internal.debug.ui.BreakpointMarkerUpdater
when weaving type ch.epfl.insynth.core.completion.InsynthCompletionProposalComputer
when weaving classes 
when weaving 
 [Xlint:cantFindType]
2013-07-10 21:15:16,047 ERROR [main] - System.err - [ch.epfl.insynth] error can't determine modifiers of missing type org.eclipse.jdt.internal.launching.JavaLaunchableTester
when weaving type ch.epfl.insynth.core.completion.InsynthCompletionProposalComputer
when weaving classes 
when weaving 
 [Xlint:cantFindType]
2013-07-10 21:15:16,047 ERROR [main] - System.err - [ch.epfl.insynth] error can't determine modifiers of missing type org.eclipse.jdt.internal.launching.JavaLaunchableTester
when weaving type ch.epfl.insynth.core.completion.InsynthCompletionProposalComputer
when weaving classes 
when weaving 
 [Xlint:cantFindType]
2013-07-10 21:15:18,109 ERROR [main] - InnerFinder$ - InSynth synthesis failed.
java.lang.Exception: Desired Type not found in: ch.epfl.insynth.loader.TLoader$Loader
	at ch.epfl.insynth.loader.TLoader$Loader.load(Loader.scala:98)
	at ch.epfl.insynth.InSynth.getSnippets(InSynth.scala:29)
	at ch.epfl.insynth.core.completion.InnerFinder$$anonfun$apply$1.apply(InsynthCompletionProposalComputer.scala:82)
	at ch.epfl.insynth.core.completion.InnerFinder$$anonfun$apply$1.apply(InsynthCompletionProposalComputer.scala:52)
	at scala.tools.eclipse.ScalaPresentationCompiler.withSourceFile(ScalaPresentationCompiler.scala:99)
	at scala.tools.eclipse.ScalaProject$$anonfun$withSourceFile$1.apply(ScalaProject.scala:602)
	at scala.tools.eclipse.ScalaProject$$anonfun$withSourceFile$1.apply(ScalaProject.scala:601)
	at scala.tools.eclipse.ScalaProject$$anonfun$withPresentationCompiler$1.apply(ScalaProject.scala:595)
	at scala.tools.eclipse.ScalaProject$$anonfun$withPresentationCompiler$1.apply(ScalaProject.scala:594)
	at scala.tools.eclipse.util.Cached$class.apply(Cached.scala:41)
	at scala.tools.eclipse.ScalaProject$$anon$1.apply(ScalaProject.scala:96)
	at scala.tools.eclipse.ScalaProject.withPresentationCompiler(ScalaProject.scala:594)
	at scala.tools.eclipse.ScalaProject.withSourceFile(ScalaProject.scala:603)
	at scala.tools.eclipse.InteractiveCompilationUnit$class.withSourceFile(InteractiveCompilationUnit.scala:66)
	at scala.tools.eclipse.javaelements.ScalaSourceFile.withSourceFile(ScalaSourceFile.scala:51)
	at ch.epfl.insynth.core.completion.InnerFinder$.apply(InsynthCompletionProposalComputer.scala:106)
	at ch.epfl.insynth.core.completion.InsynthCompletionProposalComputer.computeCompletionProposals(InsynthCompletionProposalComputer.scala:176)
	at org.eclipse.jdt.internal.ui.text.java.CompletionProposalComputerDescriptor.computeCompletionProposals(CompletionProposalComputerDescriptor.java:333)
	at org.eclipse.jdt.internal.ui.text.java.CompletionProposalCategory.computeCompletionProposals(CompletionProposalCategory.java:340)
	at org.eclipse.jdt.internal.ui.text.java.ContentAssistProcessor.collectProposals(ContentAssistProcessor.java:328)
	at org.eclipse.jdt.internal.ui.text.java.ContentAssistProcessor.computeCompletionProposals(ContentAssistProcessor.java:284)
	at org.eclipse.jface.text.contentassist.ContentAssistant.computeCompletionProposals(ContentAssistant.java:1839)
	at org.eclipse.jface.text.contentassist.CompletionProposalPopup.computeProposals(CompletionProposalPopup.java:566)
	at org.eclipse.jface.text.contentassist.CompletionProposalPopup.access$16(CompletionProposalPopup.java:563)
	at org.eclipse.jface.text.contentassist.CompletionProposalPopup$2.run(CompletionProposalPopup.java:498)
	at org.eclipse.swt.custom.BusyIndicator.showWhile(BusyIndicator.java:70)
	at org.eclipse.jface.text.contentassist.CompletionProposalPopup.showProposals(CompletionProposalPopup.java:492)
	at org.eclipse.jface.text.contentassist.ContentAssistant$2.run(ContentAssistant.java:378)
	at org.eclipse.swt.widgets.RunnableLock.run(RunnableLock.java:35)
	at org.eclipse.swt.widgets.Synchronizer.runAsyncMessages(Synchronizer.java:135)
	at org.eclipse.swt.widgets.Display.runAsyncMessages(Display.java:3537)
	at org.eclipse.swt.widgets.Display.readAndDispatch(Display.java:3189)
	at org.eclipse.e4.ui.internal.workbench.swt.PartRenderingEngine$9.run(PartRenderingEngine.java:1053)
	at org.eclipse.core.databinding.observable.Realm.runWithDefault(Realm.java:332)
	at org.eclipse.e4.ui.internal.workbench.swt.PartRenderingEngine.run(PartRenderingEngine.java:942)
	at org.eclipse.e4.ui.internal.workbench.E4Workbench.createAndRunUI(E4Workbench.java:86)
	at org.eclipse.ui.internal.Workbench$5.run(Workbench.java:588)
	at org.eclipse.core.databinding.observable.Realm.runWithDefault(Realm.java:332)
	at org.eclipse.ui.internal.Workbench.createAndRunWorkbench(Workbench.java:543)
	at org.eclipse.ui.PlatformUI.createAndRunWorkbench(PlatformUI.java:149)
	at org.eclipse.ui.internal.ide.application.IDEApplication.start(IDEApplication.java:124)
	at org.eclipse.equinox.internal.app.EclipseAppHandle.run(EclipseAppHandle.java:196)
	at org.eclipse.core.runtime.internal.adaptor.EclipseAppLauncher.runApplication(EclipseAppLauncher.java:110)
	at org.eclipse.core.runtime.internal.adaptor.EclipseAppLauncher.start(EclipseAppLauncher.java:79)
	at org.eclipse.core.runtime.adaptor.EclipseStarter.run(EclipseStarter.java:353)
	at org.eclipse.core.runtime.adaptor.EclipseStarter.run(EclipseStarter.java:180)
	at sun.reflect.NativeMethodAccessorImpl.invoke0(Native Method)
	at sun.reflect.NativeMethodAccessorImpl.invoke(NativeMethodAccessorImpl.java:57)
	at sun.reflect.DelegatingMethodAccessorImpl.invoke(DelegatingMethodAccessorImpl.java:43)
	at java.lang.reflect.Method.invoke(Method.java:601)
	at org.eclipse.equinox.launcher.Main.invokeFramework(Main.java:629)
	at org.eclipse.equinox.launcher.Main.basicRun(Main.java:584)
	at org.eclipse.equinox.launcher.Main.run(Main.java:1438)
	at org.eclipse.equinox.launcher.Main.main(Main.java:1414)
2013-07-10 21:25:32,799 ERROR [main] - InnerFinder$ - InSynth synthesis failed.
java.lang.Exception: Desired Type not found in: ch.epfl.insynth.loader.TLoader$Loader
	at ch.epfl.insynth.loader.TLoader$Loader.load(Loader.scala:98)
	at ch.epfl.insynth.InSynth.getSnippets(InSynth.scala:29)
	at ch.epfl.insynth.core.completion.InnerFinder$$anonfun$apply$1.apply(InsynthCompletionProposalComputer.scala:82)
	at ch.epfl.insynth.core.completion.InnerFinder$$anonfun$apply$1.apply(InsynthCompletionProposalComputer.scala:52)
	at scala.tools.eclipse.ScalaPresentationCompiler.withSourceFile(ScalaPresentationCompiler.scala:99)
	at scala.tools.eclipse.ScalaProject$$anonfun$withSourceFile$1.apply(ScalaProject.scala:602)
	at scala.tools.eclipse.ScalaProject$$anonfun$withSourceFile$1.apply(ScalaProject.scala:601)
	at scala.tools.eclipse.ScalaProject$$anonfun$withPresentationCompiler$1.apply(ScalaProject.scala:595)
	at scala.tools.eclipse.ScalaProject$$anonfun$withPresentationCompiler$1.apply(ScalaProject.scala:594)
	at scala.tools.eclipse.util.Cached$class.apply(Cached.scala:41)
	at scala.tools.eclipse.ScalaProject$$anon$1.apply(ScalaProject.scala:96)
	at scala.tools.eclipse.ScalaProject.withPresentationCompiler(ScalaProject.scala:594)
	at scala.tools.eclipse.ScalaProject.withSourceFile(ScalaProject.scala:603)
	at scala.tools.eclipse.InteractiveCompilationUnit$class.withSourceFile(InteractiveCompilationUnit.scala:66)
	at scala.tools.eclipse.javaelements.ScalaSourceFile.withSourceFile(ScalaSourceFile.scala:51)
	at ch.epfl.insynth.core.completion.InnerFinder$.apply(InsynthCompletionProposalComputer.scala:106)
	at ch.epfl.insynth.core.completion.InsynthCompletionProposalComputer.computeCompletionProposals(InsynthCompletionProposalComputer.scala:176)
	at org.eclipse.jdt.internal.ui.text.java.CompletionProposalComputerDescriptor.computeCompletionProposals(CompletionProposalComputerDescriptor.java:333)
	at org.eclipse.jdt.internal.ui.text.java.CompletionProposalCategory.computeCompletionProposals(CompletionProposalCategory.java:340)
	at org.eclipse.jdt.internal.ui.text.java.ContentAssistProcessor.collectProposals(ContentAssistProcessor.java:328)
	at org.eclipse.jdt.internal.ui.text.java.ContentAssistProcessor.computeCompletionProposals(ContentAssistProcessor.java:284)
	at org.eclipse.jface.text.contentassist.ContentAssistant.computeCompletionProposals(ContentAssistant.java:1839)
	at org.eclipse.jface.text.contentassist.CompletionProposalPopup.computeProposals(CompletionProposalPopup.java:566)
	at org.eclipse.jface.text.contentassist.CompletionProposalPopup.access$16(CompletionProposalPopup.java:563)
	at org.eclipse.jface.text.contentassist.CompletionProposalPopup$2.run(CompletionProposalPopup.java:498)
	at org.eclipse.swt.custom.BusyIndicator.showWhile(BusyIndicator.java:70)
	at org.eclipse.jface.text.contentassist.CompletionProposalPopup.showProposals(CompletionProposalPopup.java:492)
	at org.eclipse.jface.text.contentassist.ContentAssistant$2.run(ContentAssistant.java:378)
	at org.eclipse.swt.widgets.RunnableLock.run(RunnableLock.java:35)
	at org.eclipse.swt.widgets.Synchronizer.runAsyncMessages(Synchronizer.java:135)
	at org.eclipse.swt.widgets.Display.runAsyncMessages(Display.java:3537)
	at org.eclipse.swt.widgets.Display.readAndDispatch(Display.java:3189)
	at org.eclipse.e4.ui.internal.workbench.swt.PartRenderingEngine$9.run(PartRenderingEngine.java:1053)
	at org.eclipse.core.databinding.observable.Realm.runWithDefault(Realm.java:332)
	at org.eclipse.e4.ui.internal.workbench.swt.PartRenderingEngine.run(PartRenderingEngine.java:942)
	at org.eclipse.e4.ui.internal.workbench.E4Workbench.createAndRunUI(E4Workbench.java:86)
	at org.eclipse.ui.internal.Workbench$5.run(Workbench.java:588)
	at org.eclipse.core.databinding.observable.Realm.runWithDefault(Realm.java:332)
	at org.eclipse.ui.internal.Workbench.createAndRunWorkbench(Workbench.java:543)
	at org.eclipse.ui.PlatformUI.createAndRunWorkbench(PlatformUI.java:149)
	at org.eclipse.ui.internal.ide.application.IDEApplication.start(IDEApplication.java:124)
	at org.eclipse.equinox.internal.app.EclipseAppHandle.run(EclipseAppHandle.java:196)
	at org.eclipse.core.runtime.internal.adaptor.EclipseAppLauncher.runApplication(EclipseAppLauncher.java:110)
	at org.eclipse.core.runtime.internal.adaptor.EclipseAppLauncher.start(EclipseAppLauncher.java:79)
	at org.eclipse.core.runtime.adaptor.EclipseStarter.run(EclipseStarter.java:353)
	at org.eclipse.core.runtime.adaptor.EclipseStarter.run(EclipseStarter.java:180)
	at sun.reflect.NativeMethodAccessorImpl.invoke0(Native Method)
	at sun.reflect.NativeMethodAccessorImpl.invoke(NativeMethodAccessorImpl.java:57)
	at sun.reflect.DelegatingMethodAccessorImpl.invoke(DelegatingMethodAccessorImpl.java:43)
	at java.lang.reflect.Method.invoke(Method.java:601)
	at org.eclipse.equinox.launcher.Main.invokeFramework(Main.java:629)
	at org.eclipse.equinox.launcher.Main.basicRun(Main.java:584)
	at org.eclipse.equinox.launcher.Main.run(Main.java:1438)
	at org.eclipse.equinox.launcher.Main.main(Main.java:1414)
2013-07-10 21:40:23,407 ERROR [main] - InnerFinder$ - InSynth synthesis failed.
java.lang.Exception: Desired Type not found in: ch.epfl.insynth.loader.TLoader$Loader
	at ch.epfl.insynth.loader.TLoader$Loader.load(Loader.scala:98)
	at ch.epfl.insynth.InSynth.getSnippets(InSynth.scala:29)
	at ch.epfl.insynth.core.completion.InnerFinder$$anonfun$apply$1.apply(InsynthCompletionProposalComputer.scala:82)
	at ch.epfl.insynth.core.completion.InnerFinder$$anonfun$apply$1.apply(InsynthCompletionProposalComputer.scala:52)
	at scala.tools.eclipse.ScalaPresentationCompiler.withSourceFile(ScalaPresentationCompiler.scala:99)
	at scala.tools.eclipse.ScalaProject$$anonfun$withSourceFile$1.apply(ScalaProject.scala:602)
	at scala.tools.eclipse.ScalaProject$$anonfun$withSourceFile$1.apply(ScalaProject.scala:601)
	at scala.tools.eclipse.ScalaProject$$anonfun$withPresentationCompiler$1.apply(ScalaProject.scala:595)
	at scala.tools.eclipse.ScalaProject$$anonfun$withPresentationCompiler$1.apply(ScalaProject.scala:594)
	at scala.tools.eclipse.util.Cached$class.apply(Cached.scala:41)
	at scala.tools.eclipse.ScalaProject$$anon$1.apply(ScalaProject.scala:96)
	at scala.tools.eclipse.ScalaProject.withPresentationCompiler(ScalaProject.scala:594)
	at scala.tools.eclipse.ScalaProject.withSourceFile(ScalaProject.scala:603)
	at scala.tools.eclipse.InteractiveCompilationUnit$class.withSourceFile(InteractiveCompilationUnit.scala:66)
	at scala.tools.eclipse.javaelements.ScalaSourceFile.withSourceFile(ScalaSourceFile.scala:51)
	at ch.epfl.insynth.core.completion.InnerFinder$.apply(InsynthCompletionProposalComputer.scala:106)
	at ch.epfl.insynth.core.completion.InsynthCompletionProposalComputer.computeCompletionProposals(InsynthCompletionProposalComputer.scala:176)
	at org.eclipse.jdt.internal.ui.text.java.CompletionProposalComputerDescriptor.computeCompletionProposals(CompletionProposalComputerDescriptor.java:333)
	at org.eclipse.jdt.internal.ui.text.java.CompletionProposalCategory.computeCompletionProposals(CompletionProposalCategory.java:340)
	at org.eclipse.jdt.internal.ui.text.java.ContentAssistProcessor.collectProposals(ContentAssistProcessor.java:328)
	at org.eclipse.jdt.internal.ui.text.java.ContentAssistProcessor.computeCompletionProposals(ContentAssistProcessor.java:284)
	at org.eclipse.jface.text.contentassist.ContentAssistant.computeCompletionProposals(ContentAssistant.java:1839)
	at org.eclipse.jface.text.contentassist.CompletionProposalPopup.computeProposals(CompletionProposalPopup.java:566)
	at org.eclipse.jface.text.contentassist.CompletionProposalPopup.access$16(CompletionProposalPopup.java:563)
	at org.eclipse.jface.text.contentassist.CompletionProposalPopup$2.run(CompletionProposalPopup.java:498)
	at org.eclipse.swt.custom.BusyIndicator.showWhile(BusyIndicator.java:70)
	at org.eclipse.jface.text.contentassist.CompletionProposalPopup.showProposals(CompletionProposalPopup.java:492)
	at org.eclipse.jface.text.contentassist.ContentAssistant$2.run(ContentAssistant.java:378)
	at org.eclipse.swt.widgets.RunnableLock.run(RunnableLock.java:35)
	at org.eclipse.swt.widgets.Synchronizer.runAsyncMessages(Synchronizer.java:135)
	at org.eclipse.swt.widgets.Display.runAsyncMessages(Display.java:3537)
	at org.eclipse.swt.widgets.Display.readAndDispatch(Display.java:3189)
	at org.eclipse.e4.ui.internal.workbench.swt.PartRenderingEngine$9.run(PartRenderingEngine.java:1053)
	at org.eclipse.core.databinding.observable.Realm.runWithDefault(Realm.java:332)
	at org.eclipse.e4.ui.internal.workbench.swt.PartRenderingEngine.run(PartRenderingEngine.java:942)
	at org.eclipse.e4.ui.internal.workbench.E4Workbench.createAndRunUI(E4Workbench.java:86)
	at org.eclipse.ui.internal.Workbench$5.run(Workbench.java:588)
	at org.eclipse.core.databinding.observable.Realm.runWithDefault(Realm.java:332)
	at org.eclipse.ui.internal.Workbench.createAndRunWorkbench(Workbench.java:543)
	at org.eclipse.ui.PlatformUI.createAndRunWorkbench(PlatformUI.java:149)
	at org.eclipse.ui.internal.ide.application.IDEApplication.start(IDEApplication.java:124)
	at org.eclipse.equinox.internal.app.EclipseAppHandle.run(EclipseAppHandle.java:196)
	at org.eclipse.core.runtime.internal.adaptor.EclipseAppLauncher.runApplication(EclipseAppLauncher.java:110)
	at org.eclipse.core.runtime.internal.adaptor.EclipseAppLauncher.start(EclipseAppLauncher.java:79)
	at org.eclipse.core.runtime.adaptor.EclipseStarter.run(EclipseStarter.java:353)
	at org.eclipse.core.runtime.adaptor.EclipseStarter.run(EclipseStarter.java:180)
	at sun.reflect.NativeMethodAccessorImpl.invoke0(Native Method)
	at sun.reflect.NativeMethodAccessorImpl.invoke(NativeMethodAccessorImpl.java:57)
	at sun.reflect.DelegatingMethodAccessorImpl.invoke(DelegatingMethodAccessorImpl.java:43)
	at java.lang.reflect.Method.invoke(Method.java:601)
	at org.eclipse.equinox.launcher.Main.invokeFramework(Main.java:629)
	at org.eclipse.equinox.launcher.Main.basicRun(Main.java:584)
	at org.eclipse.equinox.launcher.Main.run(Main.java:1438)
	at org.eclipse.equinox.launcher.Main.main(Main.java:1414)
2013-07-10 21:41:11,761 ERROR [main] - InnerFinder$ - InSynth synthesis failed.
java.lang.Exception: Desired Type not found in: ch.epfl.insynth.loader.TLoader$Loader
	at ch.epfl.insynth.loader.TLoader$Loader.load(Loader.scala:98)
	at ch.epfl.insynth.InSynth.getSnippets(InSynth.scala:29)
	at ch.epfl.insynth.core.completion.InnerFinder$$anonfun$apply$1.apply(InsynthCompletionProposalComputer.scala:82)
	at ch.epfl.insynth.core.completion.InnerFinder$$anonfun$apply$1.apply(InsynthCompletionProposalComputer.scala:52)
	at scala.tools.eclipse.ScalaPresentationCompiler.withSourceFile(ScalaPresentationCompiler.scala:99)
	at scala.tools.eclipse.ScalaProject$$anonfun$withSourceFile$1.apply(ScalaProject.scala:602)
	at scala.tools.eclipse.ScalaProject$$anonfun$withSourceFile$1.apply(ScalaProject.scala:601)
	at scala.tools.eclipse.ScalaProject$$anonfun$withPresentationCompiler$1.apply(ScalaProject.scala:595)
	at scala.tools.eclipse.ScalaProject$$anonfun$withPresentationCompiler$1.apply(ScalaProject.scala:594)
	at scala.tools.eclipse.util.Cached$class.apply(Cached.scala:41)
	at scala.tools.eclipse.ScalaProject$$anon$1.apply(ScalaProject.scala:96)
	at scala.tools.eclipse.ScalaProject.withPresentationCompiler(ScalaProject.scala:594)
	at scala.tools.eclipse.ScalaProject.withSourceFile(ScalaProject.scala:603)
	at scala.tools.eclipse.InteractiveCompilationUnit$class.withSourceFile(InteractiveCompilationUnit.scala:66)
	at scala.tools.eclipse.javaelements.ScalaSourceFile.withSourceFile(ScalaSourceFile.scala:51)
	at ch.epfl.insynth.core.completion.InnerFinder$.apply(InsynthCompletionProposalComputer.scala:106)
	at ch.epfl.insynth.core.completion.InsynthCompletionProposalComputer.computeCompletionProposals(InsynthCompletionProposalComputer.scala:176)
	at org.eclipse.jdt.internal.ui.text.java.CompletionProposalComputerDescriptor.computeCompletionProposals(CompletionProposalComputerDescriptor.java:333)
	at org.eclipse.jdt.internal.ui.text.java.CompletionProposalCategory.computeCompletionProposals(CompletionProposalCategory.java:340)
	at org.eclipse.jdt.internal.ui.text.java.ContentAssistProcessor.collectProposals(ContentAssistProcessor.java:328)
	at org.eclipse.jdt.internal.ui.text.java.ContentAssistProcessor.computeCompletionProposals(ContentAssistProcessor.java:284)
	at org.eclipse.jface.text.contentassist.ContentAssistant.computeCompletionProposals(ContentAssistant.java:1839)
	at org.eclipse.jface.text.contentassist.CompletionProposalPopup.computeProposals(CompletionProposalPopup.java:566)
	at org.eclipse.jface.text.contentassist.CompletionProposalPopup.access$16(CompletionProposalPopup.java:563)
	at org.eclipse.jface.text.contentassist.CompletionProposalPopup$2.run(CompletionProposalPopup.java:498)
	at org.eclipse.swt.custom.BusyIndicator.showWhile(BusyIndicator.java:70)
	at org.eclipse.jface.text.contentassist.CompletionProposalPopup.showProposals(CompletionProposalPopup.java:492)
	at org.eclipse.jface.text.contentassist.ContentAssistant$2.run(ContentAssistant.java:378)
	at org.eclipse.swt.widgets.RunnableLock.run(RunnableLock.java:35)
	at org.eclipse.swt.widgets.Synchronizer.runAsyncMessages(Synchronizer.java:135)
	at org.eclipse.swt.widgets.Display.runAsyncMessages(Display.java:3537)
	at org.eclipse.swt.widgets.Display.readAndDispatch(Display.java:3189)
	at org.eclipse.e4.ui.internal.workbench.swt.PartRenderingEngine$9.run(PartRenderingEngine.java:1053)
	at org.eclipse.core.databinding.observable.Realm.runWithDefault(Realm.java:332)
	at org.eclipse.e4.ui.internal.workbench.swt.PartRenderingEngine.run(PartRenderingEngine.java:942)
	at org.eclipse.e4.ui.internal.workbench.E4Workbench.createAndRunUI(E4Workbench.java:86)
	at org.eclipse.ui.internal.Workbench$5.run(Workbench.java:588)
	at org.eclipse.core.databinding.observable.Realm.runWithDefault(Realm.java:332)
	at org.eclipse.ui.internal.Workbench.createAndRunWorkbench(Workbench.java:543)
	at org.eclipse.ui.PlatformUI.createAndRunWorkbench(PlatformUI.java:149)
	at org.eclipse.ui.internal.ide.application.IDEApplication.start(IDEApplication.java:124)
	at org.eclipse.equinox.internal.app.EclipseAppHandle.run(EclipseAppHandle.java:196)
	at org.eclipse.core.runtime.internal.adaptor.EclipseAppLauncher.runApplication(EclipseAppLauncher.java:110)
	at org.eclipse.core.runtime.internal.adaptor.EclipseAppLauncher.start(EclipseAppLauncher.java:79)
	at org.eclipse.core.runtime.adaptor.EclipseStarter.run(EclipseStarter.java:353)
	at org.eclipse.core.runtime.adaptor.EclipseStarter.run(EclipseStarter.java:180)
	at sun.reflect.NativeMethodAccessorImpl.invoke0(Native Method)
	at sun.reflect.NativeMethodAccessorImpl.invoke(NativeMethodAccessorImpl.java:57)
	at sun.reflect.DelegatingMethodAccessorImpl.invoke(DelegatingMethodAccessorImpl.java:43)
	at java.lang.reflect.Method.invoke(Method.java:601)
	at org.eclipse.equinox.launcher.Main.invokeFramework(Main.java:629)
	at org.eclipse.equinox.launcher.Main.basicRun(Main.java:584)
	at org.eclipse.equinox.launcher.Main.run(Main.java:1438)
	at org.eclipse.equinox.launcher.Main.main(Main.java:1414)
2013-07-10 21:41:17,515 ERROR [main] - InnerFinder$ - InSynth synthesis failed.
java.lang.Exception: Desired Type not found in: ch.epfl.insynth.loader.TLoader$Loader
	at ch.epfl.insynth.loader.TLoader$Loader.load(Loader.scala:98)
	at ch.epfl.insynth.InSynth.getSnippets(InSynth.scala:29)
	at ch.epfl.insynth.core.completion.InnerFinder$$anonfun$apply$1.apply(InsynthCompletionProposalComputer.scala:82)
	at ch.epfl.insynth.core.completion.InnerFinder$$anonfun$apply$1.apply(InsynthCompletionProposalComputer.scala:52)
	at scala.tools.eclipse.ScalaPresentationCompiler.withSourceFile(ScalaPresentationCompiler.scala:99)
	at scala.tools.eclipse.ScalaProject$$anonfun$withSourceFile$1.apply(ScalaProject.scala:602)
	at scala.tools.eclipse.ScalaProject$$anonfun$withSourceFile$1.apply(ScalaProject.scala:601)
	at scala.tools.eclipse.ScalaProject$$anonfun$withPresentationCompiler$1.apply(ScalaProject.scala:595)
	at scala.tools.eclipse.ScalaProject$$anonfun$withPresentationCompiler$1.apply(ScalaProject.scala:594)
	at scala.tools.eclipse.util.Cached$class.apply(Cached.scala:41)
	at scala.tools.eclipse.ScalaProject$$anon$1.apply(ScalaProject.scala:96)
	at scala.tools.eclipse.ScalaProject.withPresentationCompiler(ScalaProject.scala:594)
	at scala.tools.eclipse.ScalaProject.withSourceFile(ScalaProject.scala:603)
	at scala.tools.eclipse.InteractiveCompilationUnit$class.withSourceFile(InteractiveCompilationUnit.scala:66)
	at scala.tools.eclipse.javaelements.ScalaSourceFile.withSourceFile(ScalaSourceFile.scala:51)
	at ch.epfl.insynth.core.completion.InnerFinder$.apply(InsynthCompletionProposalComputer.scala:106)
	at ch.epfl.insynth.core.completion.InsynthCompletionProposalComputer.computeCompletionProposals(InsynthCompletionProposalComputer.scala:176)
	at org.eclipse.jdt.internal.ui.text.java.CompletionProposalComputerDescriptor.computeCompletionProposals(CompletionProposalComputerDescriptor.java:333)
	at org.eclipse.jdt.internal.ui.text.java.CompletionProposalCategory.computeCompletionProposals(CompletionProposalCategory.java:340)
	at org.eclipse.jdt.internal.ui.text.java.ContentAssistProcessor.collectProposals(ContentAssistProcessor.java:328)
	at org.eclipse.jdt.internal.ui.text.java.ContentAssistProcessor.computeCompletionProposals(ContentAssistProcessor.java:284)
	at org.eclipse.jface.text.contentassist.ContentAssistant.computeCompletionProposals(ContentAssistant.java:1839)
	at org.eclipse.jface.text.contentassist.CompletionProposalPopup.computeProposals(CompletionProposalPopup.java:566)
	at org.eclipse.jface.text.contentassist.CompletionProposalPopup.access$16(CompletionProposalPopup.java:563)
	at org.eclipse.jface.text.contentassist.CompletionProposalPopup$2.run(CompletionProposalPopup.java:498)
	at org.eclipse.swt.custom.BusyIndicator.showWhile(BusyIndicator.java:70)
	at org.eclipse.jface.text.contentassist.CompletionProposalPopup.showProposals(CompletionProposalPopup.java:492)
	at org.eclipse.jface.text.contentassist.ContentAssistant$2.run(ContentAssistant.java:378)
	at org.eclipse.swt.widgets.RunnableLock.run(RunnableLock.java:35)
	at org.eclipse.swt.widgets.Synchronizer.runAsyncMessages(Synchronizer.java:135)
	at org.eclipse.swt.widgets.Display.runAsyncMessages(Display.java:3537)
	at org.eclipse.swt.widgets.Display.readAndDispatch(Display.java:3189)
	at org.eclipse.e4.ui.internal.workbench.swt.PartRenderingEngine$9.run(PartRenderingEngine.java:1053)
	at org.eclipse.core.databinding.observable.Realm.runWithDefault(Realm.java:332)
	at org.eclipse.e4.ui.internal.workbench.swt.PartRenderingEngine.run(PartRenderingEngine.java:942)
	at org.eclipse.e4.ui.internal.workbench.E4Workbench.createAndRunUI(E4Workbench.java:86)
	at org.eclipse.ui.internal.Workbench$5.run(Workbench.java:588)
	at org.eclipse.core.databinding.observable.Realm.runWithDefault(Realm.java:332)
	at org.eclipse.ui.internal.Workbench.createAndRunWorkbench(Workbench.java:543)
	at org.eclipse.ui.PlatformUI.createAndRunWorkbench(PlatformUI.java:149)
	at org.eclipse.ui.internal.ide.application.IDEApplication.start(IDEApplication.java:124)
	at org.eclipse.equinox.internal.app.EclipseAppHandle.run(EclipseAppHandle.java:196)
	at org.eclipse.core.runtime.internal.adaptor.EclipseAppLauncher.runApplication(EclipseAppLauncher.java:110)
	at org.eclipse.core.runtime.internal.adaptor.EclipseAppLauncher.start(EclipseAppLauncher.java:79)
	at org.eclipse.core.runtime.adaptor.EclipseStarter.run(EclipseStarter.java:353)
	at org.eclipse.core.runtime.adaptor.EclipseStarter.run(EclipseStarter.java:180)
	at sun.reflect.NativeMethodAccessorImpl.invoke0(Native Method)
	at sun.reflect.NativeMethodAccessorImpl.invoke(NativeMethodAccessorImpl.java:57)
	at sun.reflect.DelegatingMethodAccessorImpl.invoke(DelegatingMethodAccessorImpl.java:43)
	at java.lang.reflect.Method.invoke(Method.java:601)
	at org.eclipse.equinox.launcher.Main.invokeFramework(Main.java:629)
	at org.eclipse.equinox.launcher.Main.basicRun(Main.java:584)
	at org.eclipse.equinox.launcher.Main.run(Main.java:1438)
	at org.eclipse.equinox.launcher.Main.main(Main.java:1414)
2013-07-10 21:41:21,743 ERROR [main] - InnerFinder$ - InSynth synthesis failed.
java.lang.Exception: Desired Type not found in: ch.epfl.insynth.loader.TLoader$Loader
	at ch.epfl.insynth.loader.TLoader$Loader.load(Loader.scala:98)
	at ch.epfl.insynth.InSynth.getSnippets(InSynth.scala:29)
	at ch.epfl.insynth.core.completion.InnerFinder$$anonfun$apply$1.apply(InsynthCompletionProposalComputer.scala:82)
	at ch.epfl.insynth.core.completion.InnerFinder$$anonfun$apply$1.apply(InsynthCompletionProposalComputer.scala:52)
	at scala.tools.eclipse.ScalaPresentationCompiler.withSourceFile(ScalaPresentationCompiler.scala:99)
	at scala.tools.eclipse.ScalaProject$$anonfun$withSourceFile$1.apply(ScalaProject.scala:602)
	at scala.tools.eclipse.ScalaProject$$anonfun$withSourceFile$1.apply(ScalaProject.scala:601)
	at scala.tools.eclipse.ScalaProject$$anonfun$withPresentationCompiler$1.apply(ScalaProject.scala:595)
	at scala.tools.eclipse.ScalaProject$$anonfun$withPresentationCompiler$1.apply(ScalaProject.scala:594)
	at scala.tools.eclipse.util.Cached$class.apply(Cached.scala:41)
	at scala.tools.eclipse.ScalaProject$$anon$1.apply(ScalaProject.scala:96)
	at scala.tools.eclipse.ScalaProject.withPresentationCompiler(ScalaProject.scala:594)
	at scala.tools.eclipse.ScalaProject.withSourceFile(ScalaProject.scala:603)
	at scala.tools.eclipse.InteractiveCompilationUnit$class.withSourceFile(InteractiveCompilationUnit.scala:66)
	at scala.tools.eclipse.javaelements.ScalaSourceFile.withSourceFile(ScalaSourceFile.scala:51)
	at ch.epfl.insynth.core.completion.InnerFinder$.apply(InsynthCompletionProposalComputer.scala:106)
	at ch.epfl.insynth.core.completion.InsynthCompletionProposalComputer.computeCompletionProposals(InsynthCompletionProposalComputer.scala:176)
	at org.eclipse.jdt.internal.ui.text.java.CompletionProposalComputerDescriptor.computeCompletionProposals(CompletionProposalComputerDescriptor.java:333)
	at org.eclipse.jdt.internal.ui.text.java.CompletionProposalCategory.computeCompletionProposals(CompletionProposalCategory.java:340)
	at org.eclipse.jdt.internal.ui.text.java.ContentAssistProcessor.collectProposals(ContentAssistProcessor.java:328)
	at org.eclipse.jdt.internal.ui.text.java.ContentAssistProcessor.computeCompletionProposals(ContentAssistProcessor.java:284)
	at org.eclipse.jface.text.contentassist.ContentAssistant.computeCompletionProposals(ContentAssistant.java:1839)
	at org.eclipse.jface.text.contentassist.CompletionProposalPopup.computeProposals(CompletionProposalPopup.java:566)
	at org.eclipse.jface.text.contentassist.CompletionProposalPopup.access$16(CompletionProposalPopup.java:563)
	at org.eclipse.jface.text.contentassist.CompletionProposalPopup$2.run(CompletionProposalPopup.java:498)
	at org.eclipse.swt.custom.BusyIndicator.showWhile(BusyIndicator.java:70)
	at org.eclipse.jface.text.contentassist.CompletionProposalPopup.showProposals(CompletionProposalPopup.java:492)
	at org.eclipse.jface.text.contentassist.ContentAssistant$2.run(ContentAssistant.java:378)
	at org.eclipse.swt.widgets.RunnableLock.run(RunnableLock.java:35)
	at org.eclipse.swt.widgets.Synchronizer.runAsyncMessages(Synchronizer.java:135)
	at org.eclipse.swt.widgets.Display.runAsyncMessages(Display.java:3537)
	at org.eclipse.swt.widgets.Display.readAndDispatch(Display.java:3189)
	at org.eclipse.e4.ui.internal.workbench.swt.PartRenderingEngine$9.run(PartRenderingEngine.java:1053)
	at org.eclipse.core.databinding.observable.Realm.runWithDefault(Realm.java:332)
	at org.eclipse.e4.ui.internal.workbench.swt.PartRenderingEngine.run(PartRenderingEngine.java:942)
	at org.eclipse.e4.ui.internal.workbench.E4Workbench.createAndRunUI(E4Workbench.java:86)
	at org.eclipse.ui.internal.Workbench$5.run(Workbench.java:588)
	at org.eclipse.core.databinding.observable.Realm.runWithDefault(Realm.java:332)
	at org.eclipse.ui.internal.Workbench.createAndRunWorkbench(Workbench.java:543)
	at org.eclipse.ui.PlatformUI.createAndRunWorkbench(PlatformUI.java:149)
	at org.eclipse.ui.internal.ide.application.IDEApplication.start(IDEApplication.java:124)
	at org.eclipse.equinox.internal.app.EclipseAppHandle.run(EclipseAppHandle.java:196)
	at org.eclipse.core.runtime.internal.adaptor.EclipseAppLauncher.runApplication(EclipseAppLauncher.java:110)
	at org.eclipse.core.runtime.internal.adaptor.EclipseAppLauncher.start(EclipseAppLauncher.java:79)
	at org.eclipse.core.runtime.adaptor.EclipseStarter.run(EclipseStarter.java:353)
	at org.eclipse.core.runtime.adaptor.EclipseStarter.run(EclipseStarter.java:180)
	at sun.reflect.NativeMethodAccessorImpl.invoke0(Native Method)
	at sun.reflect.NativeMethodAccessorImpl.invoke(NativeMethodAccessorImpl.java:57)
	at sun.reflect.DelegatingMethodAccessorImpl.invoke(DelegatingMethodAccessorImpl.java:43)
	at java.lang.reflect.Method.invoke(Method.java:601)
	at org.eclipse.equinox.launcher.Main.invokeFramework(Main.java:629)
	at org.eclipse.equinox.launcher.Main.basicRun(Main.java:584)
	at org.eclipse.equinox.launcher.Main.run(Main.java:1438)
	at org.eclipse.equinox.launcher.Main.main(Main.java:1414)
2013-07-10 21:42:07,060  WARN [main] - InnerFinder$ - InSynth solution not found
2013-07-10 21:42:28,851 ERROR [main] - InnerFinder$ - InSynth synthesis failed.
java.lang.Exception: Desired Type not found in: ch.epfl.insynth.loader.TLoader$Loader
	at ch.epfl.insynth.loader.TLoader$Loader.load(Loader.scala:98)
	at ch.epfl.insynth.InSynth.getSnippets(InSynth.scala:29)
	at ch.epfl.insynth.core.completion.InnerFinder$$anonfun$apply$1.apply(InsynthCompletionProposalComputer.scala:82)
	at ch.epfl.insynth.core.completion.InnerFinder$$anonfun$apply$1.apply(InsynthCompletionProposalComputer.scala:52)
	at scala.tools.eclipse.ScalaPresentationCompiler.withSourceFile(ScalaPresentationCompiler.scala:99)
	at scala.tools.eclipse.ScalaProject$$anonfun$withSourceFile$1.apply(ScalaProject.scala:602)
	at scala.tools.eclipse.ScalaProject$$anonfun$withSourceFile$1.apply(ScalaProject.scala:601)
	at scala.tools.eclipse.ScalaProject$$anonfun$withPresentationCompiler$1.apply(ScalaProject.scala:595)
	at scala.tools.eclipse.ScalaProject$$anonfun$withPresentationCompiler$1.apply(ScalaProject.scala:594)
	at scala.tools.eclipse.util.Cached$class.apply(Cached.scala:41)
	at scala.tools.eclipse.ScalaProject$$anon$1.apply(ScalaProject.scala:96)
	at scala.tools.eclipse.ScalaProject.withPresentationCompiler(ScalaProject.scala:594)
	at scala.tools.eclipse.ScalaProject.withSourceFile(ScalaProject.scala:603)
	at scala.tools.eclipse.InteractiveCompilationUnit$class.withSourceFile(InteractiveCompilationUnit.scala:66)
	at scala.tools.eclipse.javaelements.ScalaSourceFile.withSourceFile(ScalaSourceFile.scala:51)
	at ch.epfl.insynth.core.completion.InnerFinder$.apply(InsynthCompletionProposalComputer.scala:106)
	at ch.epfl.insynth.core.completion.InsynthCompletionProposalComputer.computeCompletionProposals(InsynthCompletionProposalComputer.scala:176)
	at org.eclipse.jdt.internal.ui.text.java.CompletionProposalComputerDescriptor.computeCompletionProposals(CompletionProposalComputerDescriptor.java:333)
	at org.eclipse.jdt.internal.ui.text.java.CompletionProposalCategory.computeCompletionProposals(CompletionProposalCategory.java:340)
	at org.eclipse.jdt.internal.ui.text.java.ContentAssistProcessor.collectProposals(ContentAssistProcessor.java:328)
	at org.eclipse.jdt.internal.ui.text.java.ContentAssistProcessor.computeCompletionProposals(ContentAssistProcessor.java:284)
	at org.eclipse.jface.text.contentassist.ContentAssistant.computeCompletionProposals(ContentAssistant.java:1839)
	at org.eclipse.jface.text.contentassist.CompletionProposalPopup.computeProposals(CompletionProposalPopup.java:566)
	at org.eclipse.jface.text.contentassist.CompletionProposalPopup.access$16(CompletionProposalPopup.java:563)
	at org.eclipse.jface.text.contentassist.CompletionProposalPopup$2.run(CompletionProposalPopup.java:498)
	at org.eclipse.swt.custom.BusyIndicator.showWhile(BusyIndicator.java:70)
	at org.eclipse.jface.text.contentassist.CompletionProposalPopup.showProposals(CompletionProposalPopup.java:492)
	at org.eclipse.jface.text.contentassist.ContentAssistant$2.run(ContentAssistant.java:378)
	at org.eclipse.swt.widgets.RunnableLock.run(RunnableLock.java:35)
	at org.eclipse.swt.widgets.Synchronizer.runAsyncMessages(Synchronizer.java:135)
	at org.eclipse.swt.widgets.Display.runAsyncMessages(Display.java:3537)
	at org.eclipse.swt.widgets.Display.readAndDispatch(Display.java:3189)
	at org.eclipse.e4.ui.internal.workbench.swt.PartRenderingEngine$9.run(PartRenderingEngine.java:1053)
	at org.eclipse.core.databinding.observable.Realm.runWithDefault(Realm.java:332)
	at org.eclipse.e4.ui.internal.workbench.swt.PartRenderingEngine.run(PartRenderingEngine.java:942)
	at org.eclipse.e4.ui.internal.workbench.E4Workbench.createAndRunUI(E4Workbench.java:86)
	at org.eclipse.ui.internal.Workbench$5.run(Workbench.java:588)
	at org.eclipse.core.databinding.observable.Realm.runWithDefault(Realm.java:332)
	at org.eclipse.ui.internal.Workbench.createAndRunWorkbench(Workbench.java:543)
	at org.eclipse.ui.PlatformUI.createAndRunWorkbench(PlatformUI.java:149)
	at org.eclipse.ui.internal.ide.application.IDEApplication.start(IDEApplication.java:124)
	at org.eclipse.equinox.internal.app.EclipseAppHandle.run(EclipseAppHandle.java:196)
	at org.eclipse.core.runtime.internal.adaptor.EclipseAppLauncher.runApplication(EclipseAppLauncher.java:110)
	at org.eclipse.core.runtime.internal.adaptor.EclipseAppLauncher.start(EclipseAppLauncher.java:79)
	at org.eclipse.core.runtime.adaptor.EclipseStarter.run(EclipseStarter.java:353)
	at org.eclipse.core.runtime.adaptor.EclipseStarter.run(EclipseStarter.java:180)
	at sun.reflect.NativeMethodAccessorImpl.invoke0(Native Method)
	at sun.reflect.NativeMethodAccessorImpl.invoke(NativeMethodAccessorImpl.java:57)
	at sun.reflect.DelegatingMethodAccessorImpl.invoke(DelegatingMethodAccessorImpl.java:43)
	at java.lang.reflect.Method.invoke(Method.java:601)
	at org.eclipse.equinox.launcher.Main.invokeFramework(Main.java:629)
	at org.eclipse.equinox.launcher.Main.basicRun(Main.java:584)
	at org.eclipse.equinox.launcher.Main.run(Main.java:1438)
	at org.eclipse.equinox.launcher.Main.main(Main.java:1414)
2013-07-10 21:42:54,291 ERROR [main] - InnerFinder$ - InSynth synthesis failed.
java.lang.Exception: Desired Type not found in: ch.epfl.insynth.loader.TLoader$Loader
	at ch.epfl.insynth.loader.TLoader$Loader.load(Loader.scala:98)
	at ch.epfl.insynth.InSynth.getSnippets(InSynth.scala:29)
	at ch.epfl.insynth.core.completion.InnerFinder$$anonfun$apply$1.apply(InsynthCompletionProposalComputer.scala:82)
	at ch.epfl.insynth.core.completion.InnerFinder$$anonfun$apply$1.apply(InsynthCompletionProposalComputer.scala:52)
	at scala.tools.eclipse.ScalaPresentationCompiler.withSourceFile(ScalaPresentationCompiler.scala:99)
	at scala.tools.eclipse.ScalaProject$$anonfun$withSourceFile$1.apply(ScalaProject.scala:602)
	at scala.tools.eclipse.ScalaProject$$anonfun$withSourceFile$1.apply(ScalaProject.scala:601)
	at scala.tools.eclipse.ScalaProject$$anonfun$withPresentationCompiler$1.apply(ScalaProject.scala:595)
	at scala.tools.eclipse.ScalaProject$$anonfun$withPresentationCompiler$1.apply(ScalaProject.scala:594)
	at scala.tools.eclipse.util.Cached$class.apply(Cached.scala:41)
	at scala.tools.eclipse.ScalaProject$$anon$1.apply(ScalaProject.scala:96)
	at scala.tools.eclipse.ScalaProject.withPresentationCompiler(ScalaProject.scala:594)
	at scala.tools.eclipse.ScalaProject.withSourceFile(ScalaProject.scala:603)
	at scala.tools.eclipse.InteractiveCompilationUnit$class.withSourceFile(InteractiveCompilationUnit.scala:66)
	at scala.tools.eclipse.javaelements.ScalaSourceFile.withSourceFile(ScalaSourceFile.scala:51)
	at ch.epfl.insynth.core.completion.InnerFinder$.apply(InsynthCompletionProposalComputer.scala:106)
	at ch.epfl.insynth.core.completion.InsynthCompletionProposalComputer.computeCompletionProposals(InsynthCompletionProposalComputer.scala:176)
	at org.eclipse.jdt.internal.ui.text.java.CompletionProposalComputerDescriptor.computeCompletionProposals(CompletionProposalComputerDescriptor.java:333)
	at org.eclipse.jdt.internal.ui.text.java.CompletionProposalCategory.computeCompletionProposals(CompletionProposalCategory.java:340)
	at org.eclipse.jdt.internal.ui.text.java.ContentAssistProcessor.collectProposals(ContentAssistProcessor.java:328)
	at org.eclipse.jdt.internal.ui.text.java.ContentAssistProcessor.computeCompletionProposals(ContentAssistProcessor.java:284)
	at org.eclipse.jface.text.contentassist.ContentAssistant.computeCompletionProposals(ContentAssistant.java:1839)
	at org.eclipse.jface.text.contentassist.CompletionProposalPopup.computeProposals(CompletionProposalPopup.java:566)
	at org.eclipse.jface.text.contentassist.CompletionProposalPopup.access$16(CompletionProposalPopup.java:563)
	at org.eclipse.jface.text.contentassist.CompletionProposalPopup$2.run(CompletionProposalPopup.java:498)
	at org.eclipse.swt.custom.BusyIndicator.showWhile(BusyIndicator.java:70)
	at org.eclipse.jface.text.contentassist.CompletionProposalPopup.showProposals(CompletionProposalPopup.java:492)
	at org.eclipse.jface.text.contentassist.ContentAssistant$2.run(ContentAssistant.java:378)
	at org.eclipse.swt.widgets.RunnableLock.run(RunnableLock.java:35)
	at org.eclipse.swt.widgets.Synchronizer.runAsyncMessages(Synchronizer.java:135)
	at org.eclipse.swt.widgets.Display.runAsyncMessages(Display.java:3537)
	at org.eclipse.swt.widgets.Display.readAndDispatch(Display.java:3189)
	at org.eclipse.e4.ui.internal.workbench.swt.PartRenderingEngine$9.run(PartRenderingEngine.java:1053)
	at org.eclipse.core.databinding.observable.Realm.runWithDefault(Realm.java:332)
	at org.eclipse.e4.ui.internal.workbench.swt.PartRenderingEngine.run(PartRenderingEngine.java:942)
	at org.eclipse.e4.ui.internal.workbench.E4Workbench.createAndRunUI(E4Workbench.java:86)
	at org.eclipse.ui.internal.Workbench$5.run(Workbench.java:588)
	at org.eclipse.core.databinding.observable.Realm.runWithDefault(Realm.java:332)
	at org.eclipse.ui.internal.Workbench.createAndRunWorkbench(Workbench.java:543)
	at org.eclipse.ui.PlatformUI.createAndRunWorkbench(PlatformUI.java:149)
	at org.eclipse.ui.internal.ide.application.IDEApplication.start(IDEApplication.java:124)
	at org.eclipse.equinox.internal.app.EclipseAppHandle.run(EclipseAppHandle.java:196)
	at org.eclipse.core.runtime.internal.adaptor.EclipseAppLauncher.runApplication(EclipseAppLauncher.java:110)
	at org.eclipse.core.runtime.internal.adaptor.EclipseAppLauncher.start(EclipseAppLauncher.java:79)
	at org.eclipse.core.runtime.adaptor.EclipseStarter.run(EclipseStarter.java:353)
	at org.eclipse.core.runtime.adaptor.EclipseStarter.run(EclipseStarter.java:180)
	at sun.reflect.NativeMethodAccessorImpl.invoke0(Native Method)
	at sun.reflect.NativeMethodAccessorImpl.invoke(NativeMethodAccessorImpl.java:57)
	at sun.reflect.DelegatingMethodAccessorImpl.invoke(DelegatingMethodAccessorImpl.java:43)
	at java.lang.reflect.Method.invoke(Method.java:601)
	at org.eclipse.equinox.launcher.Main.invokeFramework(Main.java:629)
	at org.eclipse.equinox.launcher.Main.basicRun(Main.java:584)
	at org.eclipse.equinox.launcher.Main.run(Main.java:1438)
	at org.eclipse.equinox.launcher.Main.main(Main.java:1414)
2013-07-10 21:43:41,562 ERROR [main] - InnerFinder$ - InSynth synthesis failed.
java.lang.Exception: Desired Type not found in: ch.epfl.insynth.loader.TLoader$Loader
	at ch.epfl.insynth.loader.TLoader$Loader.load(Loader.scala:98)
	at ch.epfl.insynth.InSynth.getSnippets(InSynth.scala:29)
	at ch.epfl.insynth.core.completion.InnerFinder$$anonfun$apply$1.apply(InsynthCompletionProposalComputer.scala:82)
	at ch.epfl.insynth.core.completion.InnerFinder$$anonfun$apply$1.apply(InsynthCompletionProposalComputer.scala:52)
	at scala.tools.eclipse.ScalaPresentationCompiler.withSourceFile(ScalaPresentationCompiler.scala:99)
	at scala.tools.eclipse.ScalaProject$$anonfun$withSourceFile$1.apply(ScalaProject.scala:602)
	at scala.tools.eclipse.ScalaProject$$anonfun$withSourceFile$1.apply(ScalaProject.scala:601)
	at scala.tools.eclipse.ScalaProject$$anonfun$withPresentationCompiler$1.apply(ScalaProject.scala:595)
	at scala.tools.eclipse.ScalaProject$$anonfun$withPresentationCompiler$1.apply(ScalaProject.scala:594)
	at scala.tools.eclipse.util.Cached$class.apply(Cached.scala:41)
	at scala.tools.eclipse.ScalaProject$$anon$1.apply(ScalaProject.scala:96)
	at scala.tools.eclipse.ScalaProject.withPresentationCompiler(ScalaProject.scala:594)
	at scala.tools.eclipse.ScalaProject.withSourceFile(ScalaProject.scala:603)
	at scala.tools.eclipse.InteractiveCompilationUnit$class.withSourceFile(InteractiveCompilationUnit.scala:66)
	at scala.tools.eclipse.javaelements.ScalaSourceFile.withSourceFile(ScalaSourceFile.scala:51)
	at ch.epfl.insynth.core.completion.InnerFinder$.apply(InsynthCompletionProposalComputer.scala:106)
	at ch.epfl.insynth.core.completion.InsynthCompletionProposalComputer.computeCompletionProposals(InsynthCompletionProposalComputer.scala:176)
	at org.eclipse.jdt.internal.ui.text.java.CompletionProposalComputerDescriptor.computeCompletionProposals(CompletionProposalComputerDescriptor.java:333)
	at org.eclipse.jdt.internal.ui.text.java.CompletionProposalCategory.computeCompletionProposals(CompletionProposalCategory.java:340)
	at org.eclipse.jdt.internal.ui.text.java.ContentAssistProcessor.collectProposals(ContentAssistProcessor.java:328)
	at org.eclipse.jdt.internal.ui.text.java.ContentAssistProcessor.computeCompletionProposals(ContentAssistProcessor.java:284)
	at org.eclipse.jface.text.contentassist.ContentAssistant.computeCompletionProposals(ContentAssistant.java:1839)
	at org.eclipse.jface.text.contentassist.CompletionProposalPopup.computeProposals(CompletionProposalPopup.java:566)
	at org.eclipse.jface.text.contentassist.CompletionProposalPopup.access$16(CompletionProposalPopup.java:563)
	at org.eclipse.jface.text.contentassist.CompletionProposalPopup$2.run(CompletionProposalPopup.java:498)
	at org.eclipse.swt.custom.BusyIndicator.showWhile(BusyIndicator.java:70)
	at org.eclipse.jface.text.contentassist.CompletionProposalPopup.showProposals(CompletionProposalPopup.java:492)
	at org.eclipse.jface.text.contentassist.ContentAssistant$2.run(ContentAssistant.java:378)
	at org.eclipse.swt.widgets.RunnableLock.run(RunnableLock.java:35)
	at org.eclipse.swt.widgets.Synchronizer.runAsyncMessages(Synchronizer.java:135)
	at org.eclipse.swt.widgets.Display.runAsyncMessages(Display.java:3537)
	at org.eclipse.swt.widgets.Display.readAndDispatch(Display.java:3189)
	at org.eclipse.e4.ui.internal.workbench.swt.PartRenderingEngine$9.run(PartRenderingEngine.java:1053)
	at org.eclipse.core.databinding.observable.Realm.runWithDefault(Realm.java:332)
	at org.eclipse.e4.ui.internal.workbench.swt.PartRenderingEngine.run(PartRenderingEngine.java:942)
	at org.eclipse.e4.ui.internal.workbench.E4Workbench.createAndRunUI(E4Workbench.java:86)
	at org.eclipse.ui.internal.Workbench$5.run(Workbench.java:588)
	at org.eclipse.core.databinding.observable.Realm.runWithDefault(Realm.java:332)
	at org.eclipse.ui.internal.Workbench.createAndRunWorkbench(Workbench.java:543)
	at org.eclipse.ui.PlatformUI.createAndRunWorkbench(PlatformUI.java:149)
	at org.eclipse.ui.internal.ide.application.IDEApplication.start(IDEApplication.java:124)
	at org.eclipse.equinox.internal.app.EclipseAppHandle.run(EclipseAppHandle.java:196)
	at org.eclipse.core.runtime.internal.adaptor.EclipseAppLauncher.runApplication(EclipseAppLauncher.java:110)
	at org.eclipse.core.runtime.internal.adaptor.EclipseAppLauncher.start(EclipseAppLauncher.java:79)
	at org.eclipse.core.runtime.adaptor.EclipseStarter.run(EclipseStarter.java:353)
	at org.eclipse.core.runtime.adaptor.EclipseStarter.run(EclipseStarter.java:180)
	at sun.reflect.NativeMethodAccessorImpl.invoke0(Native Method)
	at sun.reflect.NativeMethodAccessorImpl.invoke(NativeMethodAccessorImpl.java:57)
	at sun.reflect.DelegatingMethodAccessorImpl.invoke(DelegatingMethodAccessorImpl.java:43)
	at java.lang.reflect.Method.invoke(Method.java:601)
	at org.eclipse.equinox.launcher.Main.invokeFramework(Main.java:629)
	at org.eclipse.equinox.launcher.Main.basicRun(Main.java:584)
	at org.eclipse.equinox.launcher.Main.run(Main.java:1438)
	at org.eclipse.equinox.launcher.Main.main(Main.java:1414)
2013-07-10 21:44:22,879 ERROR [main] - InnerFinder$ - InSynth synthesis failed.
java.lang.Exception: Desired Type not found in: ch.epfl.insynth.loader.TLoader$Loader
	at ch.epfl.insynth.loader.TLoader$Loader.load(Loader.scala:98)
	at ch.epfl.insynth.InSynth.getSnippets(InSynth.scala:29)
	at ch.epfl.insynth.core.completion.InnerFinder$$anonfun$apply$1.apply(InsynthCompletionProposalComputer.scala:82)
	at ch.epfl.insynth.core.completion.InnerFinder$$anonfun$apply$1.apply(InsynthCompletionProposalComputer.scala:52)
	at scala.tools.eclipse.ScalaPresentationCompiler.withSourceFile(ScalaPresentationCompiler.scala:99)
	at scala.tools.eclipse.ScalaProject$$anonfun$withSourceFile$1.apply(ScalaProject.scala:602)
	at scala.tools.eclipse.ScalaProject$$anonfun$withSourceFile$1.apply(ScalaProject.scala:601)
	at scala.tools.eclipse.ScalaProject$$anonfun$withPresentationCompiler$1.apply(ScalaProject.scala:595)
	at scala.tools.eclipse.ScalaProject$$anonfun$withPresentationCompiler$1.apply(ScalaProject.scala:594)
	at scala.tools.eclipse.util.Cached$class.apply(Cached.scala:41)
	at scala.tools.eclipse.ScalaProject$$anon$1.apply(ScalaProject.scala:96)
	at scala.tools.eclipse.ScalaProject.withPresentationCompiler(ScalaProject.scala:594)
	at scala.tools.eclipse.ScalaProject.withSourceFile(ScalaProject.scala:603)
	at scala.tools.eclipse.InteractiveCompilationUnit$class.withSourceFile(InteractiveCompilationUnit.scala:66)
	at scala.tools.eclipse.javaelements.ScalaSourceFile.withSourceFile(ScalaSourceFile.scala:51)
	at ch.epfl.insynth.core.completion.InnerFinder$.apply(InsynthCompletionProposalComputer.scala:106)
	at ch.epfl.insynth.core.completion.InsynthCompletionProposalComputer.computeCompletionProposals(InsynthCompletionProposalComputer.scala:176)
	at org.eclipse.jdt.internal.ui.text.java.CompletionProposalComputerDescriptor.computeCompletionProposals(CompletionProposalComputerDescriptor.java:333)
	at org.eclipse.jdt.internal.ui.text.java.CompletionProposalCategory.computeCompletionProposals(CompletionProposalCategory.java:340)
	at org.eclipse.jdt.internal.ui.text.java.ContentAssistProcessor.collectProposals(ContentAssistProcessor.java:328)
	at org.eclipse.jdt.internal.ui.text.java.ContentAssistProcessor.computeCompletionProposals(ContentAssistProcessor.java:284)
	at org.eclipse.jface.text.contentassist.ContentAssistant.computeCompletionProposals(ContentAssistant.java:1839)
	at org.eclipse.jface.text.contentassist.CompletionProposalPopup.computeProposals(CompletionProposalPopup.java:566)
	at org.eclipse.jface.text.contentassist.CompletionProposalPopup.access$16(CompletionProposalPopup.java:563)
	at org.eclipse.jface.text.contentassist.CompletionProposalPopup$2.run(CompletionProposalPopup.java:498)
	at org.eclipse.swt.custom.BusyIndicator.showWhile(BusyIndicator.java:70)
	at org.eclipse.jface.text.contentassist.CompletionProposalPopup.showProposals(CompletionProposalPopup.java:492)
	at org.eclipse.jface.text.contentassist.ContentAssistant$2.run(ContentAssistant.java:378)
	at org.eclipse.swt.widgets.RunnableLock.run(RunnableLock.java:35)
	at org.eclipse.swt.widgets.Synchronizer.runAsyncMessages(Synchronizer.java:135)
	at org.eclipse.swt.widgets.Display.runAsyncMessages(Display.java:3537)
	at org.eclipse.swt.widgets.Display.readAndDispatch(Display.java:3189)
	at org.eclipse.e4.ui.internal.workbench.swt.PartRenderingEngine$9.run(PartRenderingEngine.java:1053)
	at org.eclipse.core.databinding.observable.Realm.runWithDefault(Realm.java:332)
	at org.eclipse.e4.ui.internal.workbench.swt.PartRenderingEngine.run(PartRenderingEngine.java:942)
	at org.eclipse.e4.ui.internal.workbench.E4Workbench.createAndRunUI(E4Workbench.java:86)
	at org.eclipse.ui.internal.Workbench$5.run(Workbench.java:588)
	at org.eclipse.core.databinding.observable.Realm.runWithDefault(Realm.java:332)
	at org.eclipse.ui.internal.Workbench.createAndRunWorkbench(Workbench.java:543)
	at org.eclipse.ui.PlatformUI.createAndRunWorkbench(PlatformUI.java:149)
	at org.eclipse.ui.internal.ide.application.IDEApplication.start(IDEApplication.java:124)
	at org.eclipse.equinox.internal.app.EclipseAppHandle.run(EclipseAppHandle.java:196)
	at org.eclipse.core.runtime.internal.adaptor.EclipseAppLauncher.runApplication(EclipseAppLauncher.java:110)
	at org.eclipse.core.runtime.internal.adaptor.EclipseAppLauncher.start(EclipseAppLauncher.java:79)
	at org.eclipse.core.runtime.adaptor.EclipseStarter.run(EclipseStarter.java:353)
	at org.eclipse.core.runtime.adaptor.EclipseStarter.run(EclipseStarter.java:180)
	at sun.reflect.NativeMethodAccessorImpl.invoke0(Native Method)
	at sun.reflect.NativeMethodAccessorImpl.invoke(NativeMethodAccessorImpl.java:57)
	at sun.reflect.DelegatingMethodAccessorImpl.invoke(DelegatingMethodAccessorImpl.java:43)
	at java.lang.reflect.Method.invoke(Method.java:601)
	at org.eclipse.equinox.launcher.Main.invokeFramework(Main.java:629)
	at org.eclipse.equinox.launcher.Main.basicRun(Main.java:584)
	at org.eclipse.equinox.launcher.Main.run(Main.java:1438)
	at org.eclipse.equinox.launcher.Main.main(Main.java:1414)
2013-07-10 21:44:33,218 ERROR [main] - InnerFinder$ - InSynth synthesis failed.
java.lang.Exception: Desired Type not found in: ch.epfl.insynth.loader.TLoader$Loader
	at ch.epfl.insynth.loader.TLoader$Loader.load(Loader.scala:98)
	at ch.epfl.insynth.InSynth.getSnippets(InSynth.scala:29)
	at ch.epfl.insynth.core.completion.InnerFinder$$anonfun$apply$1.apply(InsynthCompletionProposalComputer.scala:82)
	at ch.epfl.insynth.core.completion.InnerFinder$$anonfun$apply$1.apply(InsynthCompletionProposalComputer.scala:52)
	at scala.tools.eclipse.ScalaPresentationCompiler.withSourceFile(ScalaPresentationCompiler.scala:99)
	at scala.tools.eclipse.ScalaProject$$anonfun$withSourceFile$1.apply(ScalaProject.scala:602)
	at scala.tools.eclipse.ScalaProject$$anonfun$withSourceFile$1.apply(ScalaProject.scala:601)
	at scala.tools.eclipse.ScalaProject$$anonfun$withPresentationCompiler$1.apply(ScalaProject.scala:595)
	at scala.tools.eclipse.ScalaProject$$anonfun$withPresentationCompiler$1.apply(ScalaProject.scala:594)
	at scala.tools.eclipse.util.Cached$class.apply(Cached.scala:41)
	at scala.tools.eclipse.ScalaProject$$anon$1.apply(ScalaProject.scala:96)
	at scala.tools.eclipse.ScalaProject.withPresentationCompiler(ScalaProject.scala:594)
	at scala.tools.eclipse.ScalaProject.withSourceFile(ScalaProject.scala:603)
	at scala.tools.eclipse.InteractiveCompilationUnit$class.withSourceFile(InteractiveCompilationUnit.scala:66)
	at scala.tools.eclipse.javaelements.ScalaSourceFile.withSourceFile(ScalaSourceFile.scala:51)
	at ch.epfl.insynth.core.completion.InnerFinder$.apply(InsynthCompletionProposalComputer.scala:106)
	at ch.epfl.insynth.core.completion.InsynthCompletionProposalComputer.computeCompletionProposals(InsynthCompletionProposalComputer.scala:176)
	at org.eclipse.jdt.internal.ui.text.java.CompletionProposalComputerDescriptor.computeCompletionProposals(CompletionProposalComputerDescriptor.java:333)
	at org.eclipse.jdt.internal.ui.text.java.CompletionProposalCategory.computeCompletionProposals(CompletionProposalCategory.java:340)
	at org.eclipse.jdt.internal.ui.text.java.ContentAssistProcessor.collectProposals(ContentAssistProcessor.java:328)
	at org.eclipse.jdt.internal.ui.text.java.ContentAssistProcessor.computeCompletionProposals(ContentAssistProcessor.java:284)
	at org.eclipse.jface.text.contentassist.ContentAssistant.computeCompletionProposals(ContentAssistant.java:1839)
	at org.eclipse.jface.text.contentassist.CompletionProposalPopup.computeProposals(CompletionProposalPopup.java:566)
	at org.eclipse.jface.text.contentassist.CompletionProposalPopup.access$16(CompletionProposalPopup.java:563)
	at org.eclipse.jface.text.contentassist.CompletionProposalPopup$2.run(CompletionProposalPopup.java:498)
	at org.eclipse.swt.custom.BusyIndicator.showWhile(BusyIndicator.java:70)
	at org.eclipse.jface.text.contentassist.CompletionProposalPopup.showProposals(CompletionProposalPopup.java:492)
	at org.eclipse.jface.text.contentassist.ContentAssistant$2.run(ContentAssistant.java:378)
	at org.eclipse.swt.widgets.RunnableLock.run(RunnableLock.java:35)
	at org.eclipse.swt.widgets.Synchronizer.runAsyncMessages(Synchronizer.java:135)
	at org.eclipse.swt.widgets.Display.runAsyncMessages(Display.java:3537)
	at org.eclipse.swt.widgets.Display.readAndDispatch(Display.java:3189)
	at org.eclipse.e4.ui.internal.workbench.swt.PartRenderingEngine$9.run(PartRenderingEngine.java:1053)
	at org.eclipse.core.databinding.observable.Realm.runWithDefault(Realm.java:332)
	at org.eclipse.e4.ui.internal.workbench.swt.PartRenderingEngine.run(PartRenderingEngine.java:942)
	at org.eclipse.e4.ui.internal.workbench.E4Workbench.createAndRunUI(E4Workbench.java:86)
	at org.eclipse.ui.internal.Workbench$5.run(Workbench.java:588)
	at org.eclipse.core.databinding.observable.Realm.runWithDefault(Realm.java:332)
	at org.eclipse.ui.internal.Workbench.createAndRunWorkbench(Workbench.java:543)
	at org.eclipse.ui.PlatformUI.createAndRunWorkbench(PlatformUI.java:149)
	at org.eclipse.ui.internal.ide.application.IDEApplication.start(IDEApplication.java:124)
	at org.eclipse.equinox.internal.app.EclipseAppHandle.run(EclipseAppHandle.java:196)
	at org.eclipse.core.runtime.internal.adaptor.EclipseAppLauncher.runApplication(EclipseAppLauncher.java:110)
	at org.eclipse.core.runtime.internal.adaptor.EclipseAppLauncher.start(EclipseAppLauncher.java:79)
	at org.eclipse.core.runtime.adaptor.EclipseStarter.run(EclipseStarter.java:353)
	at org.eclipse.core.runtime.adaptor.EclipseStarter.run(EclipseStarter.java:180)
	at sun.reflect.NativeMethodAccessorImpl.invoke0(Native Method)
	at sun.reflect.NativeMethodAccessorImpl.invoke(NativeMethodAccessorImpl.java:57)
	at sun.reflect.DelegatingMethodAccessorImpl.invoke(DelegatingMethodAccessorImpl.java:43)
	at java.lang.reflect.Method.invoke(Method.java:601)
	at org.eclipse.equinox.launcher.Main.invokeFramework(Main.java:629)
	at org.eclipse.equinox.launcher.Main.basicRun(Main.java:584)
	at org.eclipse.equinox.launcher.Main.run(Main.java:1438)
	at org.eclipse.equinox.launcher.Main.main(Main.java:1414)
2013-07-10 21:44:38,554 ERROR [main] - InnerFinder$ - InSynth synthesis failed.
java.lang.Exception: Desired Type not found in: ch.epfl.insynth.loader.TLoader$Loader
	at ch.epfl.insynth.loader.TLoader$Loader.load(Loader.scala:98)
	at ch.epfl.insynth.InSynth.getSnippets(InSynth.scala:29)
	at ch.epfl.insynth.core.completion.InnerFinder$$anonfun$apply$1.apply(InsynthCompletionProposalComputer.scala:82)
	at ch.epfl.insynth.core.completion.InnerFinder$$anonfun$apply$1.apply(InsynthCompletionProposalComputer.scala:52)
	at scala.tools.eclipse.ScalaPresentationCompiler.withSourceFile(ScalaPresentationCompiler.scala:99)
	at scala.tools.eclipse.ScalaProject$$anonfun$withSourceFile$1.apply(ScalaProject.scala:602)
	at scala.tools.eclipse.ScalaProject$$anonfun$withSourceFile$1.apply(ScalaProject.scala:601)
	at scala.tools.eclipse.ScalaProject$$anonfun$withPresentationCompiler$1.apply(ScalaProject.scala:595)
	at scala.tools.eclipse.ScalaProject$$anonfun$withPresentationCompiler$1.apply(ScalaProject.scala:594)
	at scala.tools.eclipse.util.Cached$class.apply(Cached.scala:41)
	at scala.tools.eclipse.ScalaProject$$anon$1.apply(ScalaProject.scala:96)
	at scala.tools.eclipse.ScalaProject.withPresentationCompiler(ScalaProject.scala:594)
	at scala.tools.eclipse.ScalaProject.withSourceFile(ScalaProject.scala:603)
	at scala.tools.eclipse.InteractiveCompilationUnit$class.withSourceFile(InteractiveCompilationUnit.scala:66)
	at scala.tools.eclipse.javaelements.ScalaSourceFile.withSourceFile(ScalaSourceFile.scala:51)
	at ch.epfl.insynth.core.completion.InnerFinder$.apply(InsynthCompletionProposalComputer.scala:106)
	at ch.epfl.insynth.core.completion.InsynthCompletionProposalComputer.computeCompletionProposals(InsynthCompletionProposalComputer.scala:176)
	at org.eclipse.jdt.internal.ui.text.java.CompletionProposalComputerDescriptor.computeCompletionProposals(CompletionProposalComputerDescriptor.java:333)
	at org.eclipse.jdt.internal.ui.text.java.CompletionProposalCategory.computeCompletionProposals(CompletionProposalCategory.java:340)
	at org.eclipse.jdt.internal.ui.text.java.ContentAssistProcessor.collectProposals(ContentAssistProcessor.java:328)
	at org.eclipse.jdt.internal.ui.text.java.ContentAssistProcessor.computeCompletionProposals(ContentAssistProcessor.java:284)
	at org.eclipse.jface.text.contentassist.ContentAssistant.computeCompletionProposals(ContentAssistant.java:1839)
	at org.eclipse.jface.text.contentassist.CompletionProposalPopup.computeProposals(CompletionProposalPopup.java:566)
	at org.eclipse.jface.text.contentassist.CompletionProposalPopup.computeFilteredProposals(CompletionProposalPopup.java:1460)
	at org.eclipse.jface.text.contentassist.CompletionProposalPopup.access$4(CompletionProposalPopup.java:1449)
	at org.eclipse.jface.text.contentassist.CompletionProposalPopup$1.run(CompletionProposalPopup.java:375)
	at org.eclipse.swt.widgets.RunnableLock.run(RunnableLock.java:35)
	at org.eclipse.swt.widgets.Synchronizer.runAsyncMessages(Synchronizer.java:135)
	at org.eclipse.swt.widgets.Display.runAsyncMessages(Display.java:3537)
	at org.eclipse.swt.widgets.Display.readAndDispatch(Display.java:3189)
	at org.eclipse.e4.ui.internal.workbench.swt.PartRenderingEngine$9.run(PartRenderingEngine.java:1053)
	at org.eclipse.core.databinding.observable.Realm.runWithDefault(Realm.java:332)
	at org.eclipse.e4.ui.internal.workbench.swt.PartRenderingEngine.run(PartRenderingEngine.java:942)
	at org.eclipse.e4.ui.internal.workbench.E4Workbench.createAndRunUI(E4Workbench.java:86)
	at org.eclipse.ui.internal.Workbench$5.run(Workbench.java:588)
	at org.eclipse.core.databinding.observable.Realm.runWithDefault(Realm.java:332)
	at org.eclipse.ui.internal.Workbench.createAndRunWorkbench(Workbench.java:543)
	at org.eclipse.ui.PlatformUI.createAndRunWorkbench(PlatformUI.java:149)
	at org.eclipse.ui.internal.ide.application.IDEApplication.start(IDEApplication.java:124)
	at org.eclipse.equinox.internal.app.EclipseAppHandle.run(EclipseAppHandle.java:196)
	at org.eclipse.core.runtime.internal.adaptor.EclipseAppLauncher.runApplication(EclipseAppLauncher.java:110)
	at org.eclipse.core.runtime.internal.adaptor.EclipseAppLauncher.start(EclipseAppLauncher.java:79)
	at org.eclipse.core.runtime.adaptor.EclipseStarter.run(EclipseStarter.java:353)
	at org.eclipse.core.runtime.adaptor.EclipseStarter.run(EclipseStarter.java:180)
	at sun.reflect.NativeMethodAccessorImpl.invoke0(Native Method)
	at sun.reflect.NativeMethodAccessorImpl.invoke(NativeMethodAccessorImpl.java:57)
	at sun.reflect.DelegatingMethodAccessorImpl.invoke(DelegatingMethodAccessorImpl.java:43)
	at java.lang.reflect.Method.invoke(Method.java:601)
	at org.eclipse.equinox.launcher.Main.invokeFramework(Main.java:629)
	at org.eclipse.equinox.launcher.Main.basicRun(Main.java:584)
	at org.eclipse.equinox.launcher.Main.run(Main.java:1438)
	at org.eclipse.equinox.launcher.Main.main(Main.java:1414)
2013-07-10 21:44:38,656 ERROR [main] - InnerFinder$ - InSynth synthesis failed.
java.lang.Exception: Desired Type not found in: ch.epfl.insynth.loader.TLoader$Loader
	at ch.epfl.insynth.loader.TLoader$Loader.load(Loader.scala:98)
	at ch.epfl.insynth.InSynth.getSnippets(InSynth.scala:29)
	at ch.epfl.insynth.core.completion.InnerFinder$$anonfun$apply$1.apply(InsynthCompletionProposalComputer.scala:82)
	at ch.epfl.insynth.core.completion.InnerFinder$$anonfun$apply$1.apply(InsynthCompletionProposalComputer.scala:52)
	at scala.tools.eclipse.ScalaPresentationCompiler.withSourceFile(ScalaPresentationCompiler.scala:99)
	at scala.tools.eclipse.ScalaProject$$anonfun$withSourceFile$1.apply(ScalaProject.scala:602)
	at scala.tools.eclipse.ScalaProject$$anonfun$withSourceFile$1.apply(ScalaProject.scala:601)
	at scala.tools.eclipse.ScalaProject$$anonfun$withPresentationCompiler$1.apply(ScalaProject.scala:595)
	at scala.tools.eclipse.ScalaProject$$anonfun$withPresentationCompiler$1.apply(ScalaProject.scala:594)
	at scala.tools.eclipse.util.Cached$class.apply(Cached.scala:41)
	at scala.tools.eclipse.ScalaProject$$anon$1.apply(ScalaProject.scala:96)
	at scala.tools.eclipse.ScalaProject.withPresentationCompiler(ScalaProject.scala:594)
	at scala.tools.eclipse.ScalaProject.withSourceFile(ScalaProject.scala:603)
	at scala.tools.eclipse.InteractiveCompilationUnit$class.withSourceFile(InteractiveCompilationUnit.scala:66)
	at scala.tools.eclipse.javaelements.ScalaSourceFile.withSourceFile(ScalaSourceFile.scala:51)
	at ch.epfl.insynth.core.completion.InnerFinder$.apply(InsynthCompletionProposalComputer.scala:106)
	at ch.epfl.insynth.core.completion.InsynthCompletionProposalComputer.computeCompletionProposals(InsynthCompletionProposalComputer.scala:176)
	at org.eclipse.jdt.internal.ui.text.java.CompletionProposalComputerDescriptor.computeCompletionProposals(CompletionProposalComputerDescriptor.java:333)
	at org.eclipse.jdt.internal.ui.text.java.CompletionProposalCategory.computeCompletionProposals(CompletionProposalCategory.java:340)
	at org.eclipse.jdt.internal.ui.text.java.ContentAssistProcessor.collectProposals(ContentAssistProcessor.java:328)
	at org.eclipse.jdt.internal.ui.text.java.ContentAssistProcessor.computeCompletionProposals(ContentAssistProcessor.java:284)
	at org.eclipse.jface.text.contentassist.ContentAssistant.computeCompletionProposals(ContentAssistant.java:1839)
	at org.eclipse.jface.text.contentassist.CompletionProposalPopup.computeProposals(CompletionProposalPopup.java:566)
	at org.eclipse.jface.text.contentassist.CompletionProposalPopup.computeFilteredProposals(CompletionProposalPopup.java:1460)
	at org.eclipse.jface.text.contentassist.CompletionProposalPopup.access$4(CompletionProposalPopup.java:1449)
	at org.eclipse.jface.text.contentassist.CompletionProposalPopup$1.run(CompletionProposalPopup.java:375)
	at org.eclipse.swt.widgets.RunnableLock.run(RunnableLock.java:35)
	at org.eclipse.swt.widgets.Synchronizer.runAsyncMessages(Synchronizer.java:135)
	at org.eclipse.swt.widgets.Display.runAsyncMessages(Display.java:3537)
	at org.eclipse.swt.widgets.Display.readAndDispatch(Display.java:3189)
	at org.eclipse.e4.ui.internal.workbench.swt.PartRenderingEngine$9.run(PartRenderingEngine.java:1053)
	at org.eclipse.core.databinding.observable.Realm.runWithDefault(Realm.java:332)
	at org.eclipse.e4.ui.internal.workbench.swt.PartRenderingEngine.run(PartRenderingEngine.java:942)
	at org.eclipse.e4.ui.internal.workbench.E4Workbench.createAndRunUI(E4Workbench.java:86)
	at org.eclipse.ui.internal.Workbench$5.run(Workbench.java:588)
	at org.eclipse.core.databinding.observable.Realm.runWithDefault(Realm.java:332)
	at org.eclipse.ui.internal.Workbench.createAndRunWorkbench(Workbench.java:543)
	at org.eclipse.ui.PlatformUI.createAndRunWorkbench(PlatformUI.java:149)
	at org.eclipse.ui.internal.ide.application.IDEApplication.start(IDEApplication.java:124)
	at org.eclipse.equinox.internal.app.EclipseAppHandle.run(EclipseAppHandle.java:196)
	at org.eclipse.core.runtime.internal.adaptor.EclipseAppLauncher.runApplication(EclipseAppLauncher.java:110)
	at org.eclipse.core.runtime.internal.adaptor.EclipseAppLauncher.start(EclipseAppLauncher.java:79)
	at org.eclipse.core.runtime.adaptor.EclipseStarter.run(EclipseStarter.java:353)
	at org.eclipse.core.runtime.adaptor.EclipseStarter.run(EclipseStarter.java:180)
	at sun.reflect.NativeMethodAccessorImpl.invoke0(Native Method)
	at sun.reflect.NativeMethodAccessorImpl.invoke(NativeMethodAccessorImpl.java:57)
	at sun.reflect.DelegatingMethodAccessorImpl.invoke(DelegatingMethodAccessorImpl.java:43)
	at java.lang.reflect.Method.invoke(Method.java:601)
	at org.eclipse.equinox.launcher.Main.invokeFramework(Main.java:629)
	at org.eclipse.equinox.launcher.Main.basicRun(Main.java:584)
	at org.eclipse.equinox.launcher.Main.run(Main.java:1438)
	at org.eclipse.equinox.launcher.Main.main(Main.java:1414)
2013-07-10 21:44:38,831 ERROR [main] - InnerFinder$ - InSynth synthesis failed.
java.lang.Exception: Desired Type not found in: ch.epfl.insynth.loader.TLoader$Loader
	at ch.epfl.insynth.loader.TLoader$Loader.load(Loader.scala:98)
	at ch.epfl.insynth.InSynth.getSnippets(InSynth.scala:29)
	at ch.epfl.insynth.core.completion.InnerFinder$$anonfun$apply$1.apply(InsynthCompletionProposalComputer.scala:82)
	at ch.epfl.insynth.core.completion.InnerFinder$$anonfun$apply$1.apply(InsynthCompletionProposalComputer.scala:52)
	at scala.tools.eclipse.ScalaPresentationCompiler.withSourceFile(ScalaPresentationCompiler.scala:99)
	at scala.tools.eclipse.ScalaProject$$anonfun$withSourceFile$1.apply(ScalaProject.scala:602)
	at scala.tools.eclipse.ScalaProject$$anonfun$withSourceFile$1.apply(ScalaProject.scala:601)
	at scala.tools.eclipse.ScalaProject$$anonfun$withPresentationCompiler$1.apply(ScalaProject.scala:595)
	at scala.tools.eclipse.ScalaProject$$anonfun$withPresentationCompiler$1.apply(ScalaProject.scala:594)
	at scala.tools.eclipse.util.Cached$class.apply(Cached.scala:41)
	at scala.tools.eclipse.ScalaProject$$anon$1.apply(ScalaProject.scala:96)
	at scala.tools.eclipse.ScalaProject.withPresentationCompiler(ScalaProject.scala:594)
	at scala.tools.eclipse.ScalaProject.withSourceFile(ScalaProject.scala:603)
	at scala.tools.eclipse.InteractiveCompilationUnit$class.withSourceFile(InteractiveCompilationUnit.scala:66)
	at scala.tools.eclipse.javaelements.ScalaSourceFile.withSourceFile(ScalaSourceFile.scala:51)
	at ch.epfl.insynth.core.completion.InnerFinder$.apply(InsynthCompletionProposalComputer.scala:106)
	at ch.epfl.insynth.core.completion.InsynthCompletionProposalComputer.computeCompletionProposals(InsynthCompletionProposalComputer.scala:176)
	at org.eclipse.jdt.internal.ui.text.java.CompletionProposalComputerDescriptor.computeCompletionProposals(CompletionProposalComputerDescriptor.java:333)
	at org.eclipse.jdt.internal.ui.text.java.CompletionProposalCategory.computeCompletionProposals(CompletionProposalCategory.java:340)
	at org.eclipse.jdt.internal.ui.text.java.ContentAssistProcessor.collectProposals(ContentAssistProcessor.java:328)
	at org.eclipse.jdt.internal.ui.text.java.ContentAssistProcessor.computeCompletionProposals(ContentAssistProcessor.java:284)
	at org.eclipse.jface.text.contentassist.ContentAssistant.computeCompletionProposals(ContentAssistant.java:1839)
	at org.eclipse.jface.text.contentassist.CompletionProposalPopup.computeProposals(CompletionProposalPopup.java:566)
	at org.eclipse.jface.text.contentassist.CompletionProposalPopup.computeFilteredProposals(CompletionProposalPopup.java:1460)
	at org.eclipse.jface.text.contentassist.CompletionProposalPopup.access$4(CompletionProposalPopup.java:1449)
	at org.eclipse.jface.text.contentassist.CompletionProposalPopup$1.run(CompletionProposalPopup.java:375)
	at org.eclipse.swt.widgets.RunnableLock.run(RunnableLock.java:35)
	at org.eclipse.swt.widgets.Synchronizer.runAsyncMessages(Synchronizer.java:135)
	at org.eclipse.swt.widgets.Display.runAsyncMessages(Display.java:3537)
	at org.eclipse.swt.widgets.Display.readAndDispatch(Display.java:3189)
	at org.eclipse.e4.ui.internal.workbench.swt.PartRenderingEngine$9.run(PartRenderingEngine.java:1053)
	at org.eclipse.core.databinding.observable.Realm.runWithDefault(Realm.java:332)
	at org.eclipse.e4.ui.internal.workbench.swt.PartRenderingEngine.run(PartRenderingEngine.java:942)
	at org.eclipse.e4.ui.internal.workbench.E4Workbench.createAndRunUI(E4Workbench.java:86)
	at org.eclipse.ui.internal.Workbench$5.run(Workbench.java:588)
	at org.eclipse.core.databinding.observable.Realm.runWithDefault(Realm.java:332)
	at org.eclipse.ui.internal.Workbench.createAndRunWorkbench(Workbench.java:543)
	at org.eclipse.ui.PlatformUI.createAndRunWorkbench(PlatformUI.java:149)
	at org.eclipse.ui.internal.ide.application.IDEApplication.start(IDEApplication.java:124)
	at org.eclipse.equinox.internal.app.EclipseAppHandle.run(EclipseAppHandle.java:196)
	at org.eclipse.core.runtime.internal.adaptor.EclipseAppLauncher.runApplication(EclipseAppLauncher.java:110)
	at org.eclipse.core.runtime.internal.adaptor.EclipseAppLauncher.start(EclipseAppLauncher.java:79)
	at org.eclipse.core.runtime.adaptor.EclipseStarter.run(EclipseStarter.java:353)
	at org.eclipse.core.runtime.adaptor.EclipseStarter.run(EclipseStarter.java:180)
	at sun.reflect.NativeMethodAccessorImpl.invoke0(Native Method)
	at sun.reflect.NativeMethodAccessorImpl.invoke(NativeMethodAccessorImpl.java:57)
	at sun.reflect.DelegatingMethodAccessorImpl.invoke(DelegatingMethodAccessorImpl.java:43)
	at java.lang.reflect.Method.invoke(Method.java:601)
	at org.eclipse.equinox.launcher.Main.invokeFramework(Main.java:629)
	at org.eclipse.equinox.launcher.Main.basicRun(Main.java:584)
	at org.eclipse.equinox.launcher.Main.run(Main.java:1438)
	at org.eclipse.equinox.launcher.Main.main(Main.java:1414)
2013-07-10 21:44:39,029 ERROR [main] - InnerFinder$ - InSynth synthesis failed.
java.lang.Exception: Desired Type not found in: ch.epfl.insynth.loader.TLoader$Loader
	at ch.epfl.insynth.loader.TLoader$Loader.load(Loader.scala:98)
	at ch.epfl.insynth.InSynth.getSnippets(InSynth.scala:29)
	at ch.epfl.insynth.core.completion.InnerFinder$$anonfun$apply$1.apply(InsynthCompletionProposalComputer.scala:82)
	at ch.epfl.insynth.core.completion.InnerFinder$$anonfun$apply$1.apply(InsynthCompletionProposalComputer.scala:52)
	at scala.tools.eclipse.ScalaPresentationCompiler.withSourceFile(ScalaPresentationCompiler.scala:99)
	at scala.tools.eclipse.ScalaProject$$anonfun$withSourceFile$1.apply(ScalaProject.scala:602)
	at scala.tools.eclipse.ScalaProject$$anonfun$withSourceFile$1.apply(ScalaProject.scala:601)
	at scala.tools.eclipse.ScalaProject$$anonfun$withPresentationCompiler$1.apply(ScalaProject.scala:595)
	at scala.tools.eclipse.ScalaProject$$anonfun$withPresentationCompiler$1.apply(ScalaProject.scala:594)
	at scala.tools.eclipse.util.Cached$class.apply(Cached.scala:41)
	at scala.tools.eclipse.ScalaProject$$anon$1.apply(ScalaProject.scala:96)
	at scala.tools.eclipse.ScalaProject.withPresentationCompiler(ScalaProject.scala:594)
	at scala.tools.eclipse.ScalaProject.withSourceFile(ScalaProject.scala:603)
	at scala.tools.eclipse.InteractiveCompilationUnit$class.withSourceFile(InteractiveCompilationUnit.scala:66)
	at scala.tools.eclipse.javaelements.ScalaSourceFile.withSourceFile(ScalaSourceFile.scala:51)
	at ch.epfl.insynth.core.completion.InnerFinder$.apply(InsynthCompletionProposalComputer.scala:106)
	at ch.epfl.insynth.core.completion.InsynthCompletionProposalComputer.computeCompletionProposals(InsynthCompletionProposalComputer.scala:176)
	at org.eclipse.jdt.internal.ui.text.java.CompletionProposalComputerDescriptor.computeCompletionProposals(CompletionProposalComputerDescriptor.java:333)
	at org.eclipse.jdt.internal.ui.text.java.CompletionProposalCategory.computeCompletionProposals(CompletionProposalCategory.java:340)
	at org.eclipse.jdt.internal.ui.text.java.ContentAssistProcessor.collectProposals(ContentAssistProcessor.java:328)
	at org.eclipse.jdt.internal.ui.text.java.ContentAssistProcessor.computeCompletionProposals(ContentAssistProcessor.java:284)
	at org.eclipse.jface.text.contentassist.ContentAssistant.computeCompletionProposals(ContentAssistant.java:1839)
	at org.eclipse.jface.text.contentassist.CompletionProposalPopup.computeProposals(CompletionProposalPopup.java:566)
	at org.eclipse.jface.text.contentassist.CompletionProposalPopup.computeFilteredProposals(CompletionProposalPopup.java:1460)
	at org.eclipse.jface.text.contentassist.CompletionProposalPopup.access$4(CompletionProposalPopup.java:1449)
	at org.eclipse.jface.text.contentassist.CompletionProposalPopup$1.run(CompletionProposalPopup.java:375)
	at org.eclipse.swt.widgets.RunnableLock.run(RunnableLock.java:35)
	at org.eclipse.swt.widgets.Synchronizer.runAsyncMessages(Synchronizer.java:135)
	at org.eclipse.swt.widgets.Display.runAsyncMessages(Display.java:3537)
	at org.eclipse.swt.widgets.Display.readAndDispatch(Display.java:3189)
	at org.eclipse.e4.ui.internal.workbench.swt.PartRenderingEngine$9.run(PartRenderingEngine.java:1053)
	at org.eclipse.core.databinding.observable.Realm.runWithDefault(Realm.java:332)
	at org.eclipse.e4.ui.internal.workbench.swt.PartRenderingEngine.run(PartRenderingEngine.java:942)
	at org.eclipse.e4.ui.internal.workbench.E4Workbench.createAndRunUI(E4Workbench.java:86)
	at org.eclipse.ui.internal.Workbench$5.run(Workbench.java:588)
	at org.eclipse.core.databinding.observable.Realm.runWithDefault(Realm.java:332)
	at org.eclipse.ui.internal.Workbench.createAndRunWorkbench(Workbench.java:543)
	at org.eclipse.ui.PlatformUI.createAndRunWorkbench(PlatformUI.java:149)
	at org.eclipse.ui.internal.ide.application.IDEApplication.start(IDEApplication.java:124)
	at org.eclipse.equinox.internal.app.EclipseAppHandle.run(EclipseAppHandle.java:196)
	at org.eclipse.core.runtime.internal.adaptor.EclipseAppLauncher.runApplication(EclipseAppLauncher.java:110)
	at org.eclipse.core.runtime.internal.adaptor.EclipseAppLauncher.start(EclipseAppLauncher.java:79)
	at org.eclipse.core.runtime.adaptor.EclipseStarter.run(EclipseStarter.java:353)
	at org.eclipse.core.runtime.adaptor.EclipseStarter.run(EclipseStarter.java:180)
	at sun.reflect.NativeMethodAccessorImpl.invoke0(Native Method)
	at sun.reflect.NativeMethodAccessorImpl.invoke(NativeMethodAccessorImpl.java:57)
	at sun.reflect.DelegatingMethodAccessorImpl.invoke(DelegatingMethodAccessorImpl.java:43)
	at java.lang.reflect.Method.invoke(Method.java:601)
	at org.eclipse.equinox.launcher.Main.invokeFramework(Main.java:629)
	at org.eclipse.equinox.launcher.Main.basicRun(Main.java:584)
	at org.eclipse.equinox.launcher.Main.run(Main.java:1438)
	at org.eclipse.equinox.launcher.Main.main(Main.java:1414)
2013-07-10 21:44:39,284 ERROR [main] - InnerFinder$ - InSynth synthesis failed.
java.lang.Exception: Desired Type not found in: ch.epfl.insynth.loader.TLoader$Loader
	at ch.epfl.insynth.loader.TLoader$Loader.load(Loader.scala:98)
	at ch.epfl.insynth.InSynth.getSnippets(InSynth.scala:29)
	at ch.epfl.insynth.core.completion.InnerFinder$$anonfun$apply$1.apply(InsynthCompletionProposalComputer.scala:82)
	at ch.epfl.insynth.core.completion.InnerFinder$$anonfun$apply$1.apply(InsynthCompletionProposalComputer.scala:52)
	at scala.tools.eclipse.ScalaPresentationCompiler.withSourceFile(ScalaPresentationCompiler.scala:99)
	at scala.tools.eclipse.ScalaProject$$anonfun$withSourceFile$1.apply(ScalaProject.scala:602)
	at scala.tools.eclipse.ScalaProject$$anonfun$withSourceFile$1.apply(ScalaProject.scala:601)
	at scala.tools.eclipse.ScalaProject$$anonfun$withPresentationCompiler$1.apply(ScalaProject.scala:595)
	at scala.tools.eclipse.ScalaProject$$anonfun$withPresentationCompiler$1.apply(ScalaProject.scala:594)
	at scala.tools.eclipse.util.Cached$class.apply(Cached.scala:41)
	at scala.tools.eclipse.ScalaProject$$anon$1.apply(ScalaProject.scala:96)
	at scala.tools.eclipse.ScalaProject.withPresentationCompiler(ScalaProject.scala:594)
	at scala.tools.eclipse.ScalaProject.withSourceFile(ScalaProject.scala:603)
	at scala.tools.eclipse.InteractiveCompilationUnit$class.withSourceFile(InteractiveCompilationUnit.scala:66)
	at scala.tools.eclipse.javaelements.ScalaSourceFile.withSourceFile(ScalaSourceFile.scala:51)
	at ch.epfl.insynth.core.completion.InnerFinder$.apply(InsynthCompletionProposalComputer.scala:106)
	at ch.epfl.insynth.core.completion.InsynthCompletionProposalComputer.computeCompletionProposals(InsynthCompletionProposalComputer.scala:176)
	at org.eclipse.jdt.internal.ui.text.java.CompletionProposalComputerDescriptor.computeCompletionProposals(CompletionProposalComputerDescriptor.java:333)
	at org.eclipse.jdt.internal.ui.text.java.CompletionProposalCategory.computeCompletionProposals(CompletionProposalCategory.java:340)
	at org.eclipse.jdt.internal.ui.text.java.ContentAssistProcessor.collectProposals(ContentAssistProcessor.java:328)
	at org.eclipse.jdt.internal.ui.text.java.ContentAssistProcessor.computeCompletionProposals(ContentAssistProcessor.java:284)
	at org.eclipse.jface.text.contentassist.ContentAssistant.computeCompletionProposals(ContentAssistant.java:1839)
	at org.eclipse.jface.text.contentassist.CompletionProposalPopup.computeProposals(CompletionProposalPopup.java:566)
	at org.eclipse.jface.text.contentassist.CompletionProposalPopup.computeFilteredProposals(CompletionProposalPopup.java:1460)
	at org.eclipse.jface.text.contentassist.CompletionProposalPopup.access$4(CompletionProposalPopup.java:1449)
	at org.eclipse.jface.text.contentassist.CompletionProposalPopup$1.run(CompletionProposalPopup.java:375)
	at org.eclipse.swt.widgets.RunnableLock.run(RunnableLock.java:35)
	at org.eclipse.swt.widgets.Synchronizer.runAsyncMessages(Synchronizer.java:135)
	at org.eclipse.swt.widgets.Display.runAsyncMessages(Display.java:3537)
	at org.eclipse.swt.widgets.Display.readAndDispatch(Display.java:3189)
	at org.eclipse.e4.ui.internal.workbench.swt.PartRenderingEngine$9.run(PartRenderingEngine.java:1053)
	at org.eclipse.core.databinding.observable.Realm.runWithDefault(Realm.java:332)
	at org.eclipse.e4.ui.internal.workbench.swt.PartRenderingEngine.run(PartRenderingEngine.java:942)
	at org.eclipse.e4.ui.internal.workbench.E4Workbench.createAndRunUI(E4Workbench.java:86)
	at org.eclipse.ui.internal.Workbench$5.run(Workbench.java:588)
	at org.eclipse.core.databinding.observable.Realm.runWithDefault(Realm.java:332)
	at org.eclipse.ui.internal.Workbench.createAndRunWorkbench(Workbench.java:543)
	at org.eclipse.ui.PlatformUI.createAndRunWorkbench(PlatformUI.java:149)
	at org.eclipse.ui.internal.ide.application.IDEApplication.start(IDEApplication.java:124)
	at org.eclipse.equinox.internal.app.EclipseAppHandle.run(EclipseAppHandle.java:196)
	at org.eclipse.core.runtime.internal.adaptor.EclipseAppLauncher.runApplication(EclipseAppLauncher.java:110)
	at org.eclipse.core.runtime.internal.adaptor.EclipseAppLauncher.start(EclipseAppLauncher.java:79)
	at org.eclipse.core.runtime.adaptor.EclipseStarter.run(EclipseStarter.java:353)
	at org.eclipse.core.runtime.adaptor.EclipseStarter.run(EclipseStarter.java:180)
	at sun.reflect.NativeMethodAccessorImpl.invoke0(Native Method)
	at sun.reflect.NativeMethodAccessorImpl.invoke(NativeMethodAccessorImpl.java:57)
	at sun.reflect.DelegatingMethodAccessorImpl.invoke(DelegatingMethodAccessorImpl.java:43)
	at java.lang.reflect.Method.invoke(Method.java:601)
	at org.eclipse.equinox.launcher.Main.invokeFramework(Main.java:629)
	at org.eclipse.equinox.launcher.Main.basicRun(Main.java:584)
	at org.eclipse.equinox.launcher.Main.run(Main.java:1438)
	at org.eclipse.equinox.launcher.Main.main(Main.java:1414)
2013-07-10 21:44:39,756 ERROR [main] - InnerFinder$ - InSynth synthesis failed.
java.lang.Exception: Desired Type not found in: ch.epfl.insynth.loader.TLoader$Loader
	at ch.epfl.insynth.loader.TLoader$Loader.load(Loader.scala:98)
	at ch.epfl.insynth.InSynth.getSnippets(InSynth.scala:29)
	at ch.epfl.insynth.core.completion.InnerFinder$$anonfun$apply$1.apply(InsynthCompletionProposalComputer.scala:82)
	at ch.epfl.insynth.core.completion.InnerFinder$$anonfun$apply$1.apply(InsynthCompletionProposalComputer.scala:52)
	at scala.tools.eclipse.ScalaPresentationCompiler.withSourceFile(ScalaPresentationCompiler.scala:99)
	at scala.tools.eclipse.ScalaProject$$anonfun$withSourceFile$1.apply(ScalaProject.scala:602)
	at scala.tools.eclipse.ScalaProject$$anonfun$withSourceFile$1.apply(ScalaProject.scala:601)
	at scala.tools.eclipse.ScalaProject$$anonfun$withPresentationCompiler$1.apply(ScalaProject.scala:595)
	at scala.tools.eclipse.ScalaProject$$anonfun$withPresentationCompiler$1.apply(ScalaProject.scala:594)
	at scala.tools.eclipse.util.Cached$class.apply(Cached.scala:41)
	at scala.tools.eclipse.ScalaProject$$anon$1.apply(ScalaProject.scala:96)
	at scala.tools.eclipse.ScalaProject.withPresentationCompiler(ScalaProject.scala:594)
	at scala.tools.eclipse.ScalaProject.withSourceFile(ScalaProject.scala:603)
	at scala.tools.eclipse.InteractiveCompilationUnit$class.withSourceFile(InteractiveCompilationUnit.scala:66)
	at scala.tools.eclipse.javaelements.ScalaSourceFile.withSourceFile(ScalaSourceFile.scala:51)
	at ch.epfl.insynth.core.completion.InnerFinder$.apply(InsynthCompletionProposalComputer.scala:106)
	at ch.epfl.insynth.core.completion.InsynthCompletionProposalComputer.computeCompletionProposals(InsynthCompletionProposalComputer.scala:176)
	at org.eclipse.jdt.internal.ui.text.java.CompletionProposalComputerDescriptor.computeCompletionProposals(CompletionProposalComputerDescriptor.java:333)
	at org.eclipse.jdt.internal.ui.text.java.CompletionProposalCategory.computeCompletionProposals(CompletionProposalCategory.java:340)
	at org.eclipse.jdt.internal.ui.text.java.ContentAssistProcessor.collectProposals(ContentAssistProcessor.java:328)
	at org.eclipse.jdt.internal.ui.text.java.ContentAssistProcessor.computeCompletionProposals(ContentAssistProcessor.java:284)
	at org.eclipse.jface.text.contentassist.ContentAssistant.computeCompletionProposals(ContentAssistant.java:1839)
	at org.eclipse.jface.text.contentassist.CompletionProposalPopup.computeProposals(CompletionProposalPopup.java:566)
	at org.eclipse.jface.text.contentassist.CompletionProposalPopup.computeFilteredProposals(CompletionProposalPopup.java:1460)
	at org.eclipse.jface.text.contentassist.CompletionProposalPopup.access$4(CompletionProposalPopup.java:1449)
	at org.eclipse.jface.text.contentassist.CompletionProposalPopup$1.run(CompletionProposalPopup.java:375)
	at org.eclipse.swt.widgets.RunnableLock.run(RunnableLock.java:35)
	at org.eclipse.swt.widgets.Synchronizer.runAsyncMessages(Synchronizer.java:135)
	at org.eclipse.swt.widgets.Display.runAsyncMessages(Display.java:3537)
	at org.eclipse.swt.widgets.Display.readAndDispatch(Display.java:3189)
	at org.eclipse.e4.ui.internal.workbench.swt.PartRenderingEngine$9.run(PartRenderingEngine.java:1053)
	at org.eclipse.core.databinding.observable.Realm.runWithDefault(Realm.java:332)
	at org.eclipse.e4.ui.internal.workbench.swt.PartRenderingEngine.run(PartRenderingEngine.java:942)
	at org.eclipse.e4.ui.internal.workbench.E4Workbench.createAndRunUI(E4Workbench.java:86)
	at org.eclipse.ui.internal.Workbench$5.run(Workbench.java:588)
	at org.eclipse.core.databinding.observable.Realm.runWithDefault(Realm.java:332)
	at org.eclipse.ui.internal.Workbench.createAndRunWorkbench(Workbench.java:543)
	at org.eclipse.ui.PlatformUI.createAndRunWorkbench(PlatformUI.java:149)
	at org.eclipse.ui.internal.ide.application.IDEApplication.start(IDEApplication.java:124)
	at org.eclipse.equinox.internal.app.EclipseAppHandle.run(EclipseAppHandle.java:196)
	at org.eclipse.core.runtime.internal.adaptor.EclipseAppLauncher.runApplication(EclipseAppLauncher.java:110)
	at org.eclipse.core.runtime.internal.adaptor.EclipseAppLauncher.start(EclipseAppLauncher.java:79)
	at org.eclipse.core.runtime.adaptor.EclipseStarter.run(EclipseStarter.java:353)
	at org.eclipse.core.runtime.adaptor.EclipseStarter.run(EclipseStarter.java:180)
	at sun.reflect.NativeMethodAccessorImpl.invoke0(Native Method)
	at sun.reflect.NativeMethodAccessorImpl.invoke(NativeMethodAccessorImpl.java:57)
	at sun.reflect.DelegatingMethodAccessorImpl.invoke(DelegatingMethodAccessorImpl.java:43)
	at java.lang.reflect.Method.invoke(Method.java:601)
	at org.eclipse.equinox.launcher.Main.invokeFramework(Main.java:629)
	at org.eclipse.equinox.launcher.Main.basicRun(Main.java:584)
	at org.eclipse.equinox.launcher.Main.run(Main.java:1438)
	at org.eclipse.equinox.launcher.Main.main(Main.java:1414)
2013-07-10 21:44:46,550 ERROR [main] - InnerFinder$ - InSynth synthesis failed.
java.lang.Exception: Desired Type not found in: ch.epfl.insynth.loader.TLoader$Loader
	at ch.epfl.insynth.loader.TLoader$Loader.load(Loader.scala:98)
	at ch.epfl.insynth.InSynth.getSnippets(InSynth.scala:29)
	at ch.epfl.insynth.core.completion.InnerFinder$$anonfun$apply$1.apply(InsynthCompletionProposalComputer.scala:82)
	at ch.epfl.insynth.core.completion.InnerFinder$$anonfun$apply$1.apply(InsynthCompletionProposalComputer.scala:52)
	at scala.tools.eclipse.ScalaPresentationCompiler.withSourceFile(ScalaPresentationCompiler.scala:99)
	at scala.tools.eclipse.ScalaProject$$anonfun$withSourceFile$1.apply(ScalaProject.scala:602)
	at scala.tools.eclipse.ScalaProject$$anonfun$withSourceFile$1.apply(ScalaProject.scala:601)
	at scala.tools.eclipse.ScalaProject$$anonfun$withPresentationCompiler$1.apply(ScalaProject.scala:595)
	at scala.tools.eclipse.ScalaProject$$anonfun$withPresentationCompiler$1.apply(ScalaProject.scala:594)
	at scala.tools.eclipse.util.Cached$class.apply(Cached.scala:41)
	at scala.tools.eclipse.ScalaProject$$anon$1.apply(ScalaProject.scala:96)
	at scala.tools.eclipse.ScalaProject.withPresentationCompiler(ScalaProject.scala:594)
	at scala.tools.eclipse.ScalaProject.withSourceFile(ScalaProject.scala:603)
	at scala.tools.eclipse.InteractiveCompilationUnit$class.withSourceFile(InteractiveCompilationUnit.scala:66)
	at scala.tools.eclipse.javaelements.ScalaSourceFile.withSourceFile(ScalaSourceFile.scala:51)
	at ch.epfl.insynth.core.completion.InnerFinder$.apply(InsynthCompletionProposalComputer.scala:106)
	at ch.epfl.insynth.core.completion.InsynthCompletionProposalComputer.computeCompletionProposals(InsynthCompletionProposalComputer.scala:176)
	at org.eclipse.jdt.internal.ui.text.java.CompletionProposalComputerDescriptor.computeCompletionProposals(CompletionProposalComputerDescriptor.java:333)
	at org.eclipse.jdt.internal.ui.text.java.CompletionProposalCategory.computeCompletionProposals(CompletionProposalCategory.java:340)
	at org.eclipse.jdt.internal.ui.text.java.ContentAssistProcessor.collectProposals(ContentAssistProcessor.java:328)
	at org.eclipse.jdt.internal.ui.text.java.ContentAssistProcessor.computeCompletionProposals(ContentAssistProcessor.java:284)
	at org.eclipse.jface.text.contentassist.ContentAssistant.computeCompletionProposals(ContentAssistant.java:1839)
	at org.eclipse.jface.text.contentassist.CompletionProposalPopup.computeProposals(CompletionProposalPopup.java:566)
	at org.eclipse.jface.text.contentassist.CompletionProposalPopup.access$16(CompletionProposalPopup.java:563)
	at org.eclipse.jface.text.contentassist.CompletionProposalPopup$2.run(CompletionProposalPopup.java:498)
	at org.eclipse.swt.custom.BusyIndicator.showWhile(BusyIndicator.java:70)
	at org.eclipse.jface.text.contentassist.CompletionProposalPopup.showProposals(CompletionProposalPopup.java:492)
	at org.eclipse.jface.text.contentassist.ContentAssistant$2.run(ContentAssistant.java:378)
	at org.eclipse.swt.widgets.RunnableLock.run(RunnableLock.java:35)
	at org.eclipse.swt.widgets.Synchronizer.runAsyncMessages(Synchronizer.java:135)
	at org.eclipse.swt.widgets.Display.runAsyncMessages(Display.java:3537)
	at org.eclipse.swt.widgets.Display.readAndDispatch(Display.java:3189)
	at org.eclipse.e4.ui.internal.workbench.swt.PartRenderingEngine$9.run(PartRenderingEngine.java:1053)
	at org.eclipse.core.databinding.observable.Realm.runWithDefault(Realm.java:332)
	at org.eclipse.e4.ui.internal.workbench.swt.PartRenderingEngine.run(PartRenderingEngine.java:942)
	at org.eclipse.e4.ui.internal.workbench.E4Workbench.createAndRunUI(E4Workbench.java:86)
	at org.eclipse.ui.internal.Workbench$5.run(Workbench.java:588)
	at org.eclipse.core.databinding.observable.Realm.runWithDefault(Realm.java:332)
	at org.eclipse.ui.internal.Workbench.createAndRunWorkbench(Workbench.java:543)
	at org.eclipse.ui.PlatformUI.createAndRunWorkbench(PlatformUI.java:149)
	at org.eclipse.ui.internal.ide.application.IDEApplication.start(IDEApplication.java:124)
	at org.eclipse.equinox.internal.app.EclipseAppHandle.run(EclipseAppHandle.java:196)
	at org.eclipse.core.runtime.internal.adaptor.EclipseAppLauncher.runApplication(EclipseAppLauncher.java:110)
	at org.eclipse.core.runtime.internal.adaptor.EclipseAppLauncher.start(EclipseAppLauncher.java:79)
	at org.eclipse.core.runtime.adaptor.EclipseStarter.run(EclipseStarter.java:353)
	at org.eclipse.core.runtime.adaptor.EclipseStarter.run(EclipseStarter.java:180)
	at sun.reflect.NativeMethodAccessorImpl.invoke0(Native Method)
	at sun.reflect.NativeMethodAccessorImpl.invoke(NativeMethodAccessorImpl.java:57)
	at sun.reflect.DelegatingMethodAccessorImpl.invoke(DelegatingMethodAccessorImpl.java:43)
	at java.lang.reflect.Method.invoke(Method.java:601)
	at org.eclipse.equinox.launcher.Main.invokeFramework(Main.java:629)
	at org.eclipse.equinox.launcher.Main.basicRun(Main.java:584)
	at org.eclipse.equinox.launcher.Main.run(Main.java:1438)
	at org.eclipse.equinox.launcher.Main.main(Main.java:1414)
